{"numTotalTestSuites":118,"numPassedTestSuites":107,"numFailedTestSuites":11,"numPendingTestSuites":0,"numTotalTests":429,"numPassedTests":389,"numFailedTests":40,"numPendingTests":0,"numTodoTests":0,"snapshot":{"added":0,"failure":false,"filesAdded":0,"filesRemoved":0,"filesRemovedList":[],"filesUnmatched":0,"filesUpdated":0,"matched":0,"total":0,"unchecked":0,"uncheckedKeysByFile":[],"unmatched":0,"updated":0,"didUpdate":false},"startTime":1776483998381,"success":false,"testResults":[{"assertionResults":[{"ancestorTitles":["firm-config"],"fullName":"firm-config keeps the 50k operating profile at 10 min / 15 default / 20 max micros","status":"passed","title":"keeps the 50k operating profile at 10 min / 15 default / 20 max micros","duration":1.3098999999999705,"failureMessages":[],"meta":{}},{"ancestorTitles":["firm-config"],"fullName":"firm-config separates Topstep official rule caps from the operating size","status":"passed","title":"separates Topstep official rule caps from the operating size","duration":0.23619999999999663,"failureMessages":[],"meta":{}},{"ancestorTitles":["firm-config"],"fullName":"firm-config marks Topstep as the only production-eligible firm","status":"passed","title":"marks Topstep as the only production-eligible firm","duration":0.6703999999999724,"failureMessages":[],"meta":{}},{"ancestorTitles":["firm-config"],"fullName":"firm-config surfaces verified Topstep policy metadata","status":"passed","title":"surfaces verified Topstep policy metadata","duration":0.23640000000000327,"failureMessages":[],"meta":{}},{"ancestorTitles":["firm-config"],"fullName":"firm-config requires paper, evaluation, funded proof, and payout eligibility before the first account is proven","status":"passed","title":"requires paper, evaluation, funded proof, and payout eligibility before the first account is proven","duration":0.26909999999998035,"failureMessages":[],"meta":{}}],"startTime":1776483999916,"endTime":1776483999919.269,"status":"passed","message":"","name":"C:/Users/tonio/Projects/trading-forge/trading-forge/src/shared/firm-config.test.ts"},{"assertionResults":[{"ancestorTitles":["buildOhlcvQuery"],"fullName":"buildOhlcvQuery builds query for single month range","status":"passed","title":"builds query for single month range","duration":1.669300000000021,"failureMessages":[],"meta":{}},{"ancestorTitles":["buildOhlcvQuery"],"fullName":"buildOhlcvQuery builds query for multi-month range in same year","status":"passed","title":"builds query for multi-month range in same year","duration":0.17079999999998563,"failureMessages":[],"meta":{}},{"ancestorTitles":["buildOhlcvQuery"],"fullName":"buildOhlcvQuery builds query for multi-year range","status":"passed","title":"builds query for multi-year range","duration":0.19409999999999172,"failureMessages":[],"meta":{}},{"ancestorTitles":["buildOhlcvQuery"],"fullName":"buildOhlcvQuery uses raw path when adjusted=false","status":"passed","title":"uses raw path when adjusted=false","duration":0.4481999999999857,"failureMessages":[],"meta":{}},{"ancestorTitles":["buildOhlcvQuery"],"fullName":"buildOhlcvQuery includes ORDER BY and LIMIT","status":"passed","title":"includes ORDER BY and LIMIT","duration":0.193300000000022,"failureMessages":[],"meta":{}},{"ancestorTitles":["buildOhlcvQuery"],"fullName":"buildOhlcvQuery omits LIMIT when not specified","status":"passed","title":"omits LIMIT when not specified","duration":0.4772000000000389,"failureMessages":[],"meta":{}}],"startTime":1776483999973,"endTime":1776483999975.4773,"status":"passed","message":"","name":"C:/Users/tonio/Projects/trading-forge/trading-forge/src/data/loaders/duckdb-service.test.ts"},{"assertionResults":[{"ancestorTitles":["buildS3Key"],"fullName":"buildS3Key builds OHLCV key with date partitioning","status":"passed","title":"builds OHLCV key with date partitioning","duration":1.987799999999993,"failureMessages":[],"meta":{}},{"ancestorTitles":["buildS3Key"],"fullName":"buildS3Key builds key for different symbol and timeframe","status":"passed","title":"builds key for different symbol and timeframe","duration":0.181699999999978,"failureMessages":[],"meta":{}},{"ancestorTitles":["buildS3Key"],"fullName":"buildS3Key builds roll calendar key (no timeframe or date partitioning)","status":"passed","title":"builds roll calendar key (no timeframe or date partitioning)","duration":0.13690000000002556,"failureMessages":[],"meta":{}},{"ancestorTitles":["buildS3Key"],"fullName":"buildS3Key builds daily timeframe key","status":"passed","title":"builds daily timeframe key","duration":0.17590000000001282,"failureMessages":[],"meta":{}},{"ancestorTitles":["parseS3Key"],"fullName":"parseS3Key parses OHLCV key","status":"passed","title":"parses OHLCV key","duration":0.8263999999999783,"failureMessages":[],"meta":{}},{"ancestorTitles":["parseS3Key"],"fullName":"parseS3Key parses roll calendar key","status":"passed","title":"parses roll calendar key","duration":0.23959999999999582,"failureMessages":[],"meta":{}},{"ancestorTitles":["parseS3Key"],"fullName":"parseS3Key parses daily key","status":"passed","title":"parses daily key","duration":0.19060000000001764,"failureMessages":[],"meta":{}}],"startTime":1776483999928,"endTime":1776483999932.2395,"status":"passed","message":"","name":"C:/Users/tonio/Projects/trading-forge/trading-forge/src/data/loaders/s3-client.test.ts"},{"assertionResults":[{"ancestorTitles":["validateBody"],"fullName":"validateBody passes valid body and attaches req.validated","status":"passed","title":"passes valid body and attaches req.validated","duration":2.8903999999999996,"failureMessages":[],"meta":{}},{"ancestorTitles":["validateBody"],"fullName":"validateBody returns 400 with ZodIssues when body is invalid","status":"passed","title":"returns 400 with ZodIssues when body is invalid","duration":2.5294999999999845,"failureMessages":[],"meta":{}},{"ancestorTitles":["validateBody"],"fullName":"validateBody returns 400 when body is missing required fields","status":"passed","title":"returns 400 when body is missing required fields","duration":0.5400000000000205,"failureMessages":[],"meta":{}},{"ancestorTitles":["validateBody"],"fullName":"validateBody applies defaults from schema","status":"passed","title":"applies defaults from schema","duration":0.7062999999999988,"failureMessages":[],"meta":{}},{"ancestorTitles":["validateBody"],"fullName":"validateBody does not call next on empty body when fields are required","status":"passed","title":"does not call next on empty body when fields are required","duration":0.26900000000000546,"failureMessages":[],"meta":{}},{"ancestorTitles":["validateQuery"],"fullName":"validateQuery passes valid query and attaches req.validated","status":"passed","title":"passes valid query and attaches req.validated","duration":0.44329999999996517,"failureMessages":[],"meta":{}},{"ancestorTitles":["validateQuery"],"fullName":"validateQuery applies defaults when query params are missing","status":"passed","title":"applies defaults when query params are missing","duration":0.3550000000000182,"failureMessages":[],"meta":{}},{"ancestorTitles":["validateQuery"],"fullName":"validateQuery returns 400 for out-of-range query params","status":"passed","title":"returns 400 for out-of-range query params","duration":0.5631999999999948,"failureMessages":[],"meta":{}},{"ancestorTitles":["critical-path schema smoke tests"],"fullName":"critical-path schema smoke tests paper executeOpenSchema rejects negative signalPrice","status":"passed","title":"paper executeOpenSchema rejects negative signalPrice","duration":0.5359000000000265,"failureMessages":[],"meta":{}},{"ancestorTitles":["critical-path schema smoke tests"],"fullName":"critical-path schema smoke tests paper executeOpenSchema rejects unknown symbol","status":"passed","title":"paper executeOpenSchema rejects unknown symbol","duration":0.48689999999999145,"failureMessages":[],"meta":{}},{"ancestorTitles":["critical-path schema smoke tests"],"fullName":"critical-path schema smoke tests paper executeCloseSchema requires positionId as UUID","status":"passed","title":"paper executeCloseSchema requires positionId as UUID","duration":0.3199999999999932,"failureMessages":[],"meta":{}},{"ancestorTitles":["critical-path schema smoke tests"],"fullName":"critical-path schema smoke tests strategy create schema rejects unknown symbol","status":"passed","title":"strategy create schema rejects unknown symbol","duration":0.3077000000000112,"failureMessages":[],"meta":{}},{"ancestorTitles":["critical-path schema smoke tests"],"fullName":"critical-path schema smoke tests alert create schema rejects unknown severity","status":"passed","title":"alert create schema rejects unknown severity","duration":0.34550000000001546,"failureMessages":[],"meta":{}},{"ancestorTitles":["critical-path schema smoke tests"],"fullName":"critical-path schema smoke tests compliance review requires valid complianceResult enum","status":"passed","title":"compliance review requires valid complianceResult enum","duration":0.22179999999997335,"failureMessages":[],"meta":{}},{"ancestorTitles":["critical-path schema smoke tests"],"fullName":"critical-path schema smoke tests lifecycle transition rejects invalid state names","status":"passed","title":"lifecycle transition rejects invalid state names","duration":0.1923999999999637,"failureMessages":[],"meta":{}},{"ancestorTitles":["critical-path schema smoke tests"],"fullName":"critical-path schema smoke tests backtest compare schema rejects empty ids array","status":"passed","title":"backtest compare schema rejects empty ids array","duration":0.5373000000000161,"failureMessages":[],"meta":{}},{"ancestorTitles":["critical-path schema smoke tests"],"fullName":"critical-path schema smoke tests backtest compare schema rejects more than 5 ids","status":"passed","title":"backtest compare schema rejects more than 5 ids","duration":0.24339999999995143,"failureMessages":[],"meta":{}},{"ancestorTitles":["critical-path schema smoke tests"],"fullName":"critical-path schema smoke tests backtest compare schema rejects non-UUID strings in ids","status":"passed","title":"backtest compare schema rejects non-UUID strings in ids","duration":0.19700000000000273,"failureMessages":[],"meta":{}},{"ancestorTitles":["critical-path schema smoke tests"],"fullName":"critical-path schema smoke tests backtest compare schema accepts 1-5 valid UUIDs","status":"passed","title":"backtest compare schema accepts 1-5 valid UUIDs","duration":0.20599999999996044,"failureMessages":[],"meta":{}},{"ancestorTitles":["critical-path schema smoke tests"],"fullName":"critical-path schema smoke tests deepar symbols schema accepts empty body (symbols optional)","status":"passed","title":"deepar symbols schema accepts empty body (symbols optional)","duration":0.324799999999982,"failureMessages":[],"meta":{}},{"ancestorTitles":["critical-path schema smoke tests"],"fullName":"critical-path schema smoke tests deepar symbols schema rejects unknown symbol","status":"passed","title":"deepar symbols schema rejects unknown symbol","duration":0.219099999999969,"failureMessages":[],"meta":{}},{"ancestorTitles":["critical-path schema smoke tests"],"fullName":"critical-path schema smoke tests deepar symbols schema rejects more than 3 symbols","status":"passed","title":"deepar symbols schema rejects more than 3 symbols","duration":0.23380000000003065,"failureMessages":[],"meta":{}},{"ancestorTitles":["critical-path schema smoke tests"],"fullName":"critical-path schema smoke tests deepar symbols schema accepts valid symbol subset","status":"passed","title":"deepar symbols schema accepts valid symbol subset","duration":0.16890000000000782,"failureMessages":[],"meta":{}}],"startTime":1776483998998,"endTime":1776483999011.234,"status":"passed","message":"","name":"C:/Users/tonio/Projects/trading-forge/trading-forge/src/server/middleware/validate.test.ts"},{"assertionResults":[{"ancestorTitles":["CircuitBreaker"],"fullName":"CircuitBreaker starts in CLOSED state","status":"passed","title":"starts in CLOSED state","duration":0.8600000000000136,"failureMessages":[],"meta":{}},{"ancestorTitles":["CircuitBreaker"],"fullName":"CircuitBreaker passes through successful calls in CLOSED state","status":"passed","title":"passes through successful calls in CLOSED state","duration":0.21199999999998909,"failureMessages":[],"meta":{}},{"ancestorTitles":["CircuitBreaker"],"fullName":"CircuitBreaker counts failures but stays CLOSED below threshold","status":"passed","title":"counts failures but stays CLOSED below threshold","duration":1.0027000000000044,"failureMessages":[],"meta":{}},{"ancestorTitles":["CircuitBreaker"],"fullName":"CircuitBreaker opens circuit after failureThreshold consecutive failures","status":"passed","title":"opens circuit after failureThreshold consecutive failures","duration":0.376199999999983,"failureMessages":[],"meta":{}},{"ancestorTitles":["CircuitBreaker"],"fullName":"CircuitBreaker rejects immediately with CircuitOpenError when OPEN","status":"passed","title":"rejects immediately with CircuitOpenError when OPEN","duration":1.0289000000000215,"failureMessages":[],"meta":{}},{"ancestorTitles":["CircuitBreaker"],"fullName":"CircuitBreaker transitions to HALF_OPEN after cooldown elapses","status":"passed","title":"transitions to HALF_OPEN after cooldown elapses","duration":606.3597,"failureMessages":[],"meta":{}},{"ancestorTitles":["CircuitBreaker"],"fullName":"CircuitBreaker re-opens on probe failure in HALF_OPEN","status":"passed","title":"re-opens on probe failure in HALF_OPEN","duration":609.5462,"failureMessages":[],"meta":{}},{"ancestorTitles":["CircuitBreaker"],"fullName":"CircuitBreaker resets consecutive failure count on success","status":"passed","title":"resets consecutive failure count on success","duration":0.7095999999999094,"failureMessages":[],"meta":{}},{"ancestorTitles":["CircuitBreaker"],"fullName":"CircuitBreaker status() reflects state correctly","status":"passed","title":"status() reflects state correctly","duration":0.7489000000000487,"failureMessages":[],"meta":{}},{"ancestorTitles":["CircuitOpenError"],"fullName":"CircuitOpenError has correct name, endpoint, openedAt, and reopensAt","status":"passed","title":"has correct name, endpoint, openedAt, and reopensAt","duration":0.3487999999999829,"failureMessages":[],"meta":{}},{"ancestorTitles":["CircuitBreakerRegistry"],"fullName":"CircuitBreakerRegistry returns the same instance for the same endpoint key","status":"passed","title":"returns the same instance for the same endpoint key","duration":0.2075999999999567,"failureMessages":[],"meta":{}},{"ancestorTitles":["CircuitBreakerRegistry"],"fullName":"CircuitBreakerRegistry returns different instances for different endpoint keys","status":"passed","title":"returns different instances for different endpoint keys","duration":0.7192999999999756,"failureMessages":[],"meta":{}},{"ancestorTitles":["CircuitBreakerRegistry"],"fullName":"CircuitBreakerRegistry statusAll returns one entry per registered endpoint","status":"passed","title":"statusAll returns one entry per registered endpoint","duration":0.921100000000024,"failureMessages":[],"meta":{}},{"ancestorTitles":["CircuitBreakerRegistry"],"fullName":"CircuitBreakerRegistry uses provided options on first registration","status":"passed","title":"uses provided options on first registration","duration":0.10759999999982028,"failureMessages":[],"meta":{}}],"startTime":1776483998860,"endTime":1776484000083.1077,"status":"passed","message":"","name":"C:/Users/tonio/Projects/trading-forge/trading-forge/src/server/lib/circuit-breaker.test.ts"},{"assertionResults":[{"ancestorTitles":["tracing module exports"],"fullName":"tracing module exports OTEL_AVAILABLE is a boolean","status":"passed","title":"OTEL_AVAILABLE is a boolean","duration":1.0647000000000162,"failureMessages":[],"meta":{}},{"ancestorTitles":["tracing module exports"],"fullName":"tracing module exports tracer is defined","status":"passed","title":"tracer is defined","duration":0.15240000000005693,"failureMessages":[],"meta":{}},{"ancestorTitles":["tracing module exports"],"fullName":"tracing module exports tracer.startSpan returns a span with setAttribute and end","status":"passed","title":"tracer.startSpan returns a span with setAttribute and end","duration":0.9033000000000584,"failureMessages":[],"meta":{}},{"ancestorTitles":["span interface — no-throw contract"],"fullName":"span interface — no-throw contract setAttribute(string) does not throw","status":"passed","title":"setAttribute(string) does not throw","duration":2.6721999999999753,"failureMessages":[],"meta":{}},{"ancestorTitles":["span interface — no-throw contract"],"fullName":"span interface — no-throw contract setAttribute(number) does not throw","status":"passed","title":"setAttribute(number) does not throw","duration":0.9245999999999412,"failureMessages":[],"meta":{}},{"ancestorTitles":["span interface — no-throw contract"],"fullName":"span interface — no-throw contract setAttribute(boolean) does not throw","status":"passed","title":"setAttribute(boolean) does not throw","duration":1.219000000000051,"failureMessages":[],"meta":{}},{"ancestorTitles":["span interface — no-throw contract"],"fullName":"span interface — no-throw contract span.end() is idempotent — second call does not throw","status":"passed","title":"span.end() is idempotent — second call does not throw","duration":0.4979000000000724,"failureMessages":[],"meta":{}},{"ancestorTitles":["span interface — no-throw contract"],"fullName":"span interface — no-throw contract multiple concurrent startSpan calls do not interfere","status":"passed","title":"multiple concurrent startSpan calls do not interfere","duration":0.5682000000000471,"failureMessages":[],"meta":{}},{"ancestorTitles":["span lifecycle — try/finally pattern safety"],"fullName":"span lifecycle — try/finally pattern safety span.end() is called even when the body throws (simulates try/finally guard)","status":"passed","title":"span.end() is called even when the body throws (simulates try/finally guard)","duration":0.5130000000000337,"failureMessages":[],"meta":{}}],"startTime":1776483999767,"endTime":1776483999775.513,"status":"passed","message":"","name":"C:/Users/tonio/Projects/trading-forge/trading-forge/src/server/lib/tracing.test.ts"},{"assertionResults":[{"ancestorTitles":["Phase 4.4 — cross-archetype mutation learning"],"fullName":"Phase 4.4 — cross-archetype mutation learning imports ne and isNotNull from drizzle-orm for cross-archetype filter","status":"failed","title":"imports ne and isNotNull from drizzle-orm for cross-archetype filter","duration":4.561199999999985,"failureMessages":["AssertionError: expected '/**\\r\\n * Evolution Service — LLM-gui…' to match /import\\s*\\{[^}]*\\bne\\b[^}]*\\}\\s*from\\…/\n    at C:\\Users\\tonio\\Projects\\trading-forge\\trading-forge\\src\\server\\__tests__\\evolution-cross-archetype.test.ts:36:26\n    at file:///C:/Users/tonio/Projects/trading-forge/trading-forge/node_modules/@vitest/runner/dist/chunk-hooks.js:155:11\n    at file:///C:/Users/tonio/Projects/trading-forge/trading-forge/node_modules/@vitest/runner/dist/chunk-hooks.js:752:26\n    at file:///C:/Users/tonio/Projects/trading-forge/trading-forge/node_modules/@vitest/runner/dist/chunk-hooks.js:1897:20\n    at new Promise (<anonymous>)\n    at runWithTimeout (file:///C:/Users/tonio/Projects/trading-forge/trading-forge/node_modules/@vitest/runner/dist/chunk-hooks.js:1863:10)\n    at runTest (file:///C:/Users/tonio/Projects/trading-forge/trading-forge/node_modules/@vitest/runner/dist/chunk-hooks.js:1574:12)\n    at processTicksAndRejections (node:internal/process/task_queues:103:5)\n    at runSuite (file:///C:/Users/tonio/Projects/trading-forge/trading-forge/node_modules/@vitest/runner/dist/chunk-hooks.js:1729:8)\n    at runSuite (file:///C:/Users/tonio/Projects/trading-forge/trading-forge/node_modules/@vitest/runner/dist/chunk-hooks.js:1729:8)"],"meta":{}},{"ancestorTitles":["Phase 4.4 — cross-archetype mutation learning"],"fullName":"Phase 4.4 — cross-archetype mutation learning derives currentArchetype from the first non-evolved tag on the strategy","status":"failed","title":"derives currentArchetype from the first non-evolved tag on the strategy","duration":0.49399999999997135,"failureMessages":["AssertionError: expected '/**\\r\\n * Evolution Service — LLM-gui…' to match /currentArchetype/\n    at C:\\Users\\tonio\\Projects\\trading-forge\\trading-forge\\src\\server\\__tests__\\evolution-cross-archetype.test.ts:42:26\n    at file:///C:/Users/tonio/Projects/trading-forge/trading-forge/node_modules/@vitest/runner/dist/chunk-hooks.js:155:11\n    at file:///C:/Users/tonio/Projects/trading-forge/trading-forge/node_modules/@vitest/runner/dist/chunk-hooks.js:752:26\n    at file:///C:/Users/tonio/Projects/trading-forge/trading-forge/node_modules/@vitest/runner/dist/chunk-hooks.js:1897:20\n    at new Promise (<anonymous>)\n    at runWithTimeout (file:///C:/Users/tonio/Projects/trading-forge/trading-forge/node_modules/@vitest/runner/dist/chunk-hooks.js:1863:10)\n    at runTest (file:///C:/Users/tonio/Projects/trading-forge/trading-forge/node_modules/@vitest/runner/dist/chunk-hooks.js:1574:12)\n    at processTicksAndRejections (node:internal/process/task_queues:103:5)\n    at runSuite (file:///C:/Users/tonio/Projects/trading-forge/trading-forge/node_modules/@vitest/runner/dist/chunk-hooks.js:1729:8)\n    at runSuite (file:///C:/Users/tonio/Projects/trading-forge/trading-forge/node_modules/@vitest/runner/dist/chunk-hooks.js:1729:8)"],"meta":{}},{"ancestorTitles":["Phase 4.4 — cross-archetype mutation learning"],"fullName":"Phase 4.4 — cross-archetype mutation learning issues a success=true cross-archetype query capped at 20","status":"failed","title":"issues a success=true cross-archetype query capped at 20","duration":0.4877999999999929,"failureMessages":["AssertionError: expected '/**\\r\\n * Evolution Service — LLM-gui…' to match /crossArchetypeSuccesses/\n    at C:\\Users\\tonio\\Projects\\trading-forge\\trading-forge\\src\\server\\__tests__\\evolution-cross-archetype.test.ts:48:26\n    at file:///C:/Users/tonio/Projects/trading-forge/trading-forge/node_modules/@vitest/runner/dist/chunk-hooks.js:155:11\n    at file:///C:/Users/tonio/Projects/trading-forge/trading-forge/node_modules/@vitest/runner/dist/chunk-hooks.js:752:26\n    at file:///C:/Users/tonio/Projects/trading-forge/trading-forge/node_modules/@vitest/runner/dist/chunk-hooks.js:1897:20\n    at new Promise (<anonymous>)\n    at runWithTimeout (file:///C:/Users/tonio/Projects/trading-forge/trading-forge/node_modules/@vitest/runner/dist/chunk-hooks.js:1863:10)\n    at runTest (file:///C:/Users/tonio/Projects/trading-forge/trading-forge/node_modules/@vitest/runner/dist/chunk-hooks.js:1574:12)\n    at processTicksAndRejections (node:internal/process/task_queues:103:5)\n    at runSuite (file:///C:/Users/tonio/Projects/trading-forge/trading-forge/node_modules/@vitest/runner/dist/chunk-hooks.js:1729:8)\n    at runSuite (file:///C:/Users/tonio/Projects/trading-forge/trading-forge/node_modules/@vitest/runner/dist/chunk-hooks.js:1729:8)"],"meta":{}},{"ancestorTitles":["Phase 4.4 — cross-archetype mutation learning"],"fullName":"Phase 4.4 — cross-archetype mutation learning issues a success=false cross-archetype query capped at 20","status":"failed","title":"issues a success=false cross-archetype query capped at 20","duration":0.4111000000000331,"failureMessages":["AssertionError: expected '/**\\r\\n * Evolution Service — LLM-gui…' to match /crossArchetypeFailures/\n    at C:\\Users\\tonio\\Projects\\trading-forge\\trading-forge\\src\\server\\__tests__\\evolution-cross-archetype.test.ts:58:26\n    at file:///C:/Users/tonio/Projects/trading-forge/trading-forge/node_modules/@vitest/runner/dist/chunk-hooks.js:155:11\n    at file:///C:/Users/tonio/Projects/trading-forge/trading-forge/node_modules/@vitest/runner/dist/chunk-hooks.js:752:26\n    at file:///C:/Users/tonio/Projects/trading-forge/trading-forge/node_modules/@vitest/runner/dist/chunk-hooks.js:1897:20\n    at new Promise (<anonymous>)\n    at runWithTimeout (file:///C:/Users/tonio/Projects/trading-forge/trading-forge/node_modules/@vitest/runner/dist/chunk-hooks.js:1863:10)\n    at runTest (file:///C:/Users/tonio/Projects/trading-forge/trading-forge/node_modules/@vitest/runner/dist/chunk-hooks.js:1574:12)\n    at processTicksAndRejections (node:internal/process/task_queues:103:5)\n    at runSuite (file:///C:/Users/tonio/Projects/trading-forge/trading-forge/node_modules/@vitest/runner/dist/chunk-hooks.js:1729:8)\n    at runSuite (file:///C:/Users/tonio/Projects/trading-forge/trading-forge/node_modules/@vitest/runner/dist/chunk-hooks.js:1729:8)"],"meta":{}},{"ancestorTitles":["Phase 4.4 — cross-archetype mutation learning"],"fullName":"Phase 4.4 — cross-archetype mutation learning filters cross-archetype queries by parentArchetype matching currentArchetype","status":"failed","title":"filters cross-archetype queries by parentArchetype matching currentArchetype","duration":0.5907000000000266,"failureMessages":["AssertionError: expected '/**\\r\\n * Evolution Service — LLM-gui…' to match /eq\\s*\\(\\s*mutationOutcomes\\.parentArc…/\n    at C:\\Users\\tonio\\Projects\\trading-forge\\trading-forge\\src\\server\\__tests__\\evolution-cross-archetype.test.ts:67:26\n    at file:///C:/Users/tonio/Projects/trading-forge/trading-forge/node_modules/@vitest/runner/dist/chunk-hooks.js:155:11\n    at file:///C:/Users/tonio/Projects/trading-forge/trading-forge/node_modules/@vitest/runner/dist/chunk-hooks.js:752:26\n    at file:///C:/Users/tonio/Projects/trading-forge/trading-forge/node_modules/@vitest/runner/dist/chunk-hooks.js:1897:20\n    at new Promise (<anonymous>)\n    at runWithTimeout (file:///C:/Users/tonio/Projects/trading-forge/trading-forge/node_modules/@vitest/runner/dist/chunk-hooks.js:1863:10)\n    at runTest (file:///C:/Users/tonio/Projects/trading-forge/trading-forge/node_modules/@vitest/runner/dist/chunk-hooks.js:1574:12)\n    at processTicksAndRejections (node:internal/process/task_queues:103:5)\n    at runSuite (file:///C:/Users/tonio/Projects/trading-forge/trading-forge/node_modules/@vitest/runner/dist/chunk-hooks.js:1729:8)\n    at runSuite (file:///C:/Users/tonio/Projects/trading-forge/trading-forge/node_modules/@vitest/runner/dist/chunk-hooks.js:1729:8)"],"meta":{}},{"ancestorTitles":["Phase 4.4 — cross-archetype mutation learning"],"fullName":"Phase 4.4 — cross-archetype mutation learning excludes the current lineage from cross-archetype queries with ne()","status":"failed","title":"excludes the current lineage from cross-archetype queries with ne()","duration":0.46839999999997417,"failureMessages":["AssertionError: expected '/**\\r\\n * Evolution Service — LLM-gui…' to match /ne\\s*\\(\\s*mutationOutcomes\\.strategyI…/\n    at C:\\Users\\tonio\\Projects\\trading-forge\\trading-forge\\src\\server\\__tests__\\evolution-cross-archetype.test.ts:73:26\n    at file:///C:/Users/tonio/Projects/trading-forge/trading-forge/node_modules/@vitest/runner/dist/chunk-hooks.js:155:11\n    at file:///C:/Users/tonio/Projects/trading-forge/trading-forge/node_modules/@vitest/runner/dist/chunk-hooks.js:752:26\n    at file:///C:/Users/tonio/Projects/trading-forge/trading-forge/node_modules/@vitest/runner/dist/chunk-hooks.js:1897:20\n    at new Promise (<anonymous>)\n    at runWithTimeout (file:///C:/Users/tonio/Projects/trading-forge/trading-forge/node_modules/@vitest/runner/dist/chunk-hooks.js:1863:10)\n    at runTest (file:///C:/Users/tonio/Projects/trading-forge/trading-forge/node_modules/@vitest/runner/dist/chunk-hooks.js:1574:12)\n    at processTicksAndRejections (node:internal/process/task_queues:103:5)\n    at runSuite (file:///C:/Users/tonio/Projects/trading-forge/trading-forge/node_modules/@vitest/runner/dist/chunk-hooks.js:1729:8)\n    at runSuite (file:///C:/Users/tonio/Projects/trading-forge/trading-forge/node_modules/@vitest/runner/dist/chunk-hooks.js:1729:8)"],"meta":{}},{"ancestorTitles":["Phase 4.4 — cross-archetype mutation learning"],"fullName":"Phase 4.4 — cross-archetype mutation learning guards cross-archetype queries so they only run when currentArchetype is non-null","status":"failed","title":"guards cross-archetype queries so they only run when currentArchetype is non-null","duration":0.3628999999999678,"failureMessages":["AssertionError: expected '/**\\r\\n * Evolution Service — LLM-gui…' to match /currentArchetype\\s*\\?\\s*await\\s*db/\n    at C:\\Users\\tonio\\Projects\\trading-forge\\trading-forge\\src\\server\\__tests__\\evolution-cross-archetype.test.ts:80:26\n    at file:///C:/Users/tonio/Projects/trading-forge/trading-forge/node_modules/@vitest/runner/dist/chunk-hooks.js:155:11\n    at file:///C:/Users/tonio/Projects/trading-forge/trading-forge/node_modules/@vitest/runner/dist/chunk-hooks.js:752:26\n    at file:///C:/Users/tonio/Projects/trading-forge/trading-forge/node_modules/@vitest/runner/dist/chunk-hooks.js:1897:20\n    at new Promise (<anonymous>)\n    at runWithTimeout (file:///C:/Users/tonio/Projects/trading-forge/trading-forge/node_modules/@vitest/runner/dist/chunk-hooks.js:1863:10)\n    at runTest (file:///C:/Users/tonio/Projects/trading-forge/trading-forge/node_modules/@vitest/runner/dist/chunk-hooks.js:1574:12)\n    at processTicksAndRejections (node:internal/process/task_queues:103:5)\n    at runSuite (file:///C:/Users/tonio/Projects/trading-forge/trading-forge/node_modules/@vitest/runner/dist/chunk-hooks.js:1729:8)\n    at runSuite (file:///C:/Users/tonio/Projects/trading-forge/trading-forge/node_modules/@vitest/runner/dist/chunk-hooks.js:1729:8)"],"meta":{}},{"ancestorTitles":["Phase 4.4 — cross-archetype mutation learning"],"fullName":"Phase 4.4 — cross-archetype mutation learning passes cross_archetype_history as a separate field in evolverConfig","status":"failed","title":"passes cross_archetype_history as a separate field in evolverConfig","duration":0.3088999999999942,"failureMessages":["AssertionError: expected '/**\\r\\n * Evolution Service — LLM-gui…' to match /cross_archetype_history\\s*:/\n    at C:\\Users\\tonio\\Projects\\trading-forge\\trading-forge\\src\\server\\__tests__\\evolution-cross-archetype.test.ts:85:26\n    at file:///C:/Users/tonio/Projects/trading-forge/trading-forge/node_modules/@vitest/runner/dist/chunk-hooks.js:155:11\n    at file:///C:/Users/tonio/Projects/trading-forge/trading-forge/node_modules/@vitest/runner/dist/chunk-hooks.js:752:26\n    at file:///C:/Users/tonio/Projects/trading-forge/trading-forge/node_modules/@vitest/runner/dist/chunk-hooks.js:1897:20\n    at new Promise (<anonymous>)\n    at runWithTimeout (file:///C:/Users/tonio/Projects/trading-forge/trading-forge/node_modules/@vitest/runner/dist/chunk-hooks.js:1863:10)\n    at runTest (file:///C:/Users/tonio/Projects/trading-forge/trading-forge/node_modules/@vitest/runner/dist/chunk-hooks.js:1574:12)\n    at processTicksAndRejections (node:internal/process/task_queues:103:5)\n    at runSuite (file:///C:/Users/tonio/Projects/trading-forge/trading-forge/node_modules/@vitest/runner/dist/chunk-hooks.js:1729:8)\n    at runSuite (file:///C:/Users/tonio/Projects/trading-forge/trading-forge/node_modules/@vitest/runner/dist/chunk-hooks.js:1729:8)"],"meta":{}},{"ancestorTitles":["Phase 4.4 — cross-archetype mutation learning"],"fullName":"Phase 4.4 — cross-archetype mutation learning does not merge cross-archetype outcomes into mutation_history","status":"failed","title":"does not merge cross-archetype outcomes into mutation_history","duration":0.44700000000000273,"failureMessages":["AssertionError: expected null not to be null\n    at C:\\Users\\tonio\\Projects\\trading-forge\\trading-forge\\src\\server\\__tests__\\evolution-cross-archetype.test.ts:91:30\n    at file:///C:/Users/tonio/Projects/trading-forge/trading-forge/node_modules/@vitest/runner/dist/chunk-hooks.js:155:11\n    at file:///C:/Users/tonio/Projects/trading-forge/trading-forge/node_modules/@vitest/runner/dist/chunk-hooks.js:752:26\n    at file:///C:/Users/tonio/Projects/trading-forge/trading-forge/node_modules/@vitest/runner/dist/chunk-hooks.js:1897:20\n    at new Promise (<anonymous>)\n    at runWithTimeout (file:///C:/Users/tonio/Projects/trading-forge/trading-forge/node_modules/@vitest/runner/dist/chunk-hooks.js:1863:10)\n    at runTest (file:///C:/Users/tonio/Projects/trading-forge/trading-forge/node_modules/@vitest/runner/dist/chunk-hooks.js:1574:12)\n    at processTicksAndRejections (node:internal/process/task_queues:103:5)\n    at runSuite (file:///C:/Users/tonio/Projects/trading-forge/trading-forge/node_modules/@vitest/runner/dist/chunk-hooks.js:1729:8)\n    at runSuite (file:///C:/Users/tonio/Projects/trading-forge/trading-forge/node_modules/@vitest/runner/dist/chunk-hooks.js:1729:8)"],"meta":{}},{"ancestorTitles":["Phase 4.4 — cross-archetype mutation learning"],"fullName":"Phase 4.4 — cross-archetype mutation learning sends null for cross_archetype_history when no cross-archetype outcomes exist","status":"failed","title":"sends null for cross_archetype_history when no cross-archetype outcomes exist","duration":0.329400000000021,"failureMessages":["AssertionError: expected '/**\\r\\n * Evolution Service — LLM-gui…' to match /crossArchetypeOutcomes\\.length\\s*>\\s*0/\n    at C:\\Users\\tonio\\Projects\\trading-forge\\trading-forge\\src\\server\\__tests__\\evolution-cross-archetype.test.ts:96:26\n    at file:///C:/Users/tonio/Projects/trading-forge/trading-forge/node_modules/@vitest/runner/dist/chunk-hooks.js:155:11\n    at file:///C:/Users/tonio/Projects/trading-forge/trading-forge/node_modules/@vitest/runner/dist/chunk-hooks.js:752:26\n    at file:///C:/Users/tonio/Projects/trading-forge/trading-forge/node_modules/@vitest/runner/dist/chunk-hooks.js:1897:20\n    at new Promise (<anonymous>)\n    at runWithTimeout (file:///C:/Users/tonio/Projects/trading-forge/trading-forge/node_modules/@vitest/runner/dist/chunk-hooks.js:1863:10)\n    at runTest (file:///C:/Users/tonio/Projects/trading-forge/trading-forge/node_modules/@vitest/runner/dist/chunk-hooks.js:1574:12)\n    at processTicksAndRejections (node:internal/process/task_queues:103:5)\n    at runSuite (file:///C:/Users/tonio/Projects/trading-forge/trading-forge/node_modules/@vitest/runner/dist/chunk-hooks.js:1729:8)\n    at runSuite (file:///C:/Users/tonio/Projects/trading-forge/trading-forge/node_modules/@vitest/runner/dist/chunk-hooks.js:1729:8)"],"meta":{}},{"ancestorTitles":["Phase 4.4 — cross-archetype mutation learning"],"fullName":"Phase 4.4 — cross-archetype mutation learning defines _summarise_mutation_outcomes as a shared helper","status":"failed","title":"defines _summarise_mutation_outcomes as a shared helper","duration":0.2792999999999779,"failureMessages":["AssertionError: expected '\"\"\"Parameter Evolver — LLM-guided str…' to match /def _summarise_mutation_outcomes\\s*\\(/\n    at C:\\Users\\tonio\\Projects\\trading-forge\\trading-forge\\src\\server\\__tests__\\evolution-cross-archetype.test.ts:104:24\n    at file:///C:/Users/tonio/Projects/trading-forge/trading-forge/node_modules/@vitest/runner/dist/chunk-hooks.js:155:11\n    at file:///C:/Users/tonio/Projects/trading-forge/trading-forge/node_modules/@vitest/runner/dist/chunk-hooks.js:752:26\n    at file:///C:/Users/tonio/Projects/trading-forge/trading-forge/node_modules/@vitest/runner/dist/chunk-hooks.js:1897:20\n    at new Promise (<anonymous>)\n    at runWithTimeout (file:///C:/Users/tonio/Projects/trading-forge/trading-forge/node_modules/@vitest/runner/dist/chunk-hooks.js:1863:10)\n    at runTest (file:///C:/Users/tonio/Projects/trading-forge/trading-forge/node_modules/@vitest/runner/dist/chunk-hooks.js:1574:12)\n    at processTicksAndRejections (node:internal/process/task_queues:103:5)\n    at runSuite (file:///C:/Users/tonio/Projects/trading-forge/trading-forge/node_modules/@vitest/runner/dist/chunk-hooks.js:1729:8)\n    at runSuite (file:///C:/Users/tonio/Projects/trading-forge/trading-forge/node_modules/@vitest/runner/dist/chunk-hooks.js:1729:8)"],"meta":{}},{"ancestorTitles":["Phase 4.4 — cross-archetype mutation learning"],"fullName":"Phase 4.4 — cross-archetype mutation learning build_mutation_prompt accepts cross_archetype_history parameter","status":"failed","title":"build_mutation_prompt accepts cross_archetype_history parameter","duration":0.966700000000003,"failureMessages":["AssertionError: expected '\"\"\"Parameter Evolver — LLM-guided str…' to match /cross_archetype_history\\s*:/\n    at C:\\Users\\tonio\\Projects\\trading-forge\\trading-forge\\src\\server\\__tests__\\evolution-cross-archetype.test.ts:109:24\n    at file:///C:/Users/tonio/Projects/trading-forge/trading-forge/node_modules/@vitest/runner/dist/chunk-hooks.js:155:11\n    at file:///C:/Users/tonio/Projects/trading-forge/trading-forge/node_modules/@vitest/runner/dist/chunk-hooks.js:752:26\n    at file:///C:/Users/tonio/Projects/trading-forge/trading-forge/node_modules/@vitest/runner/dist/chunk-hooks.js:1897:20\n    at new Promise (<anonymous>)\n    at runWithTimeout (file:///C:/Users/tonio/Projects/trading-forge/trading-forge/node_modules/@vitest/runner/dist/chunk-hooks.js:1863:10)\n    at runTest (file:///C:/Users/tonio/Projects/trading-forge/trading-forge/node_modules/@vitest/runner/dist/chunk-hooks.js:1574:12)\n    at processTicksAndRejections (node:internal/process/task_queues:103:5)\n    at runSuite (file:///C:/Users/tonio/Projects/trading-forge/trading-forge/node_modules/@vitest/runner/dist/chunk-hooks.js:1729:8)\n    at runSuite (file:///C:/Users/tonio/Projects/trading-forge/trading-forge/node_modules/@vitest/runner/dist/chunk-hooks.js:1729:8)"],"meta":{}},{"ancestorTitles":["Phase 4.4 — cross-archetype mutation learning"],"fullName":"Phase 4.4 — cross-archetype mutation learning renders lineage history under 'Your lineage history' header","status":"failed","title":"renders lineage history under 'Your lineage history' header","duration":0.23349999999999227,"failureMessages":["AssertionError: expected '\"\"\"Parameter Evolver — LLM-guided str…' to match /Your lineage history/\n    at C:\\Users\\tonio\\Projects\\trading-forge\\trading-forge\\src\\server\\__tests__\\evolution-cross-archetype.test.ts:113:24\n    at file:///C:/Users/tonio/Projects/trading-forge/trading-forge/node_modules/@vitest/runner/dist/chunk-hooks.js:155:11\n    at file:///C:/Users/tonio/Projects/trading-forge/trading-forge/node_modules/@vitest/runner/dist/chunk-hooks.js:752:26\n    at file:///C:/Users/tonio/Projects/trading-forge/trading-forge/node_modules/@vitest/runner/dist/chunk-hooks.js:1897:20\n    at new Promise (<anonymous>)\n    at runWithTimeout (file:///C:/Users/tonio/Projects/trading-forge/trading-forge/node_modules/@vitest/runner/dist/chunk-hooks.js:1863:10)\n    at runTest (file:///C:/Users/tonio/Projects/trading-forge/trading-forge/node_modules/@vitest/runner/dist/chunk-hooks.js:1574:12)\n    at processTicksAndRejections (node:internal/process/task_queues:103:5)\n    at runSuite (file:///C:/Users/tonio/Projects/trading-forge/trading-forge/node_modules/@vitest/runner/dist/chunk-hooks.js:1729:8)\n    at runSuite (file:///C:/Users/tonio/Projects/trading-forge/trading-forge/node_modules/@vitest/runner/dist/chunk-hooks.js:1729:8)"],"meta":{}},{"ancestorTitles":["Phase 4.4 — cross-archetype mutation learning"],"fullName":"Phase 4.4 — cross-archetype mutation learning renders cross-archetype history under 'Cross-archetype insights' header","status":"failed","title":"renders cross-archetype history under 'Cross-archetype insights' header","duration":0.22440000000000282,"failureMessages":["AssertionError: expected '\"\"\"Parameter Evolver — LLM-guided str…' to match /Cross-archetype insights/\n    at C:\\Users\\tonio\\Projects\\trading-forge\\trading-forge\\src\\server\\__tests__\\evolution-cross-archetype.test.ts:117:24\n    at file:///C:/Users/tonio/Projects/trading-forge/trading-forge/node_modules/@vitest/runner/dist/chunk-hooks.js:155:11\n    at file:///C:/Users/tonio/Projects/trading-forge/trading-forge/node_modules/@vitest/runner/dist/chunk-hooks.js:752:26\n    at file:///C:/Users/tonio/Projects/trading-forge/trading-forge/node_modules/@vitest/runner/dist/chunk-hooks.js:1897:20\n    at new Promise (<anonymous>)\n    at runWithTimeout (file:///C:/Users/tonio/Projects/trading-forge/trading-forge/node_modules/@vitest/runner/dist/chunk-hooks.js:1863:10)\n    at runTest (file:///C:/Users/tonio/Projects/trading-forge/trading-forge/node_modules/@vitest/runner/dist/chunk-hooks.js:1574:12)\n    at processTicksAndRejections (node:internal/process/task_queues:103:5)\n    at runSuite (file:///C:/Users/tonio/Projects/trading-forge/trading-forge/node_modules/@vitest/runner/dist/chunk-hooks.js:1729:8)\n    at runSuite (file:///C:/Users/tonio/Projects/trading-forge/trading-forge/node_modules/@vitest/runner/dist/chunk-hooks.js:1729:8)"],"meta":{}},{"ancestorTitles":["Phase 4.4 — cross-archetype mutation learning"],"fullName":"Phase 4.4 — cross-archetype mutation learning cross-archetype section notes it is advisory and from different lineages","status":"failed","title":"cross-archetype section notes it is advisory and from different lineages","duration":0.27649999999999864,"failureMessages":["AssertionError: expected '\"\"\"Parameter Evolver — LLM-guided str…' to match /advisory/i\n    at C:\\Users\\tonio\\Projects\\trading-forge\\trading-forge\\src\\server\\__tests__\\evolution-cross-archetype.test.ts:121:24\n    at file:///C:/Users/tonio/Projects/trading-forge/trading-forge/node_modules/@vitest/runner/dist/chunk-hooks.js:155:11\n    at file:///C:/Users/tonio/Projects/trading-forge/trading-forge/node_modules/@vitest/runner/dist/chunk-hooks.js:752:26\n    at file:///C:/Users/tonio/Projects/trading-forge/trading-forge/node_modules/@vitest/runner/dist/chunk-hooks.js:1897:20\n    at new Promise (<anonymous>)\n    at runWithTimeout (file:///C:/Users/tonio/Projects/trading-forge/trading-forge/node_modules/@vitest/runner/dist/chunk-hooks.js:1863:10)\n    at runTest (file:///C:/Users/tonio/Projects/trading-forge/trading-forge/node_modules/@vitest/runner/dist/chunk-hooks.js:1574:12)\n    at processTicksAndRejections (node:internal/process/task_queues:103:5)\n    at runSuite (file:///C:/Users/tonio/Projects/trading-forge/trading-forge/node_modules/@vitest/runner/dist/chunk-hooks.js:1729:8)\n    at runSuite (file:///C:/Users/tonio/Projects/trading-forge/trading-forge/node_modules/@vitest/runner/dist/chunk-hooks.js:1729:8)"],"meta":{}},{"ancestorTitles":["Phase 4.4 — cross-archetype mutation learning"],"fullName":"Phase 4.4 — cross-archetype mutation learning lineage and cross-archetype sections are distinct variables in the prompt","status":"failed","title":"lineage and cross-archetype sections are distinct variables in the prompt","duration":0.23799999999999955,"failureMessages":["AssertionError: expected '\"\"\"Parameter Evolver — LLM-guided str…' to match /lineage_section\\s*=/\n    at C:\\Users\\tonio\\Projects\\trading-forge\\trading-forge\\src\\server\\__tests__\\evolution-cross-archetype.test.ts:126:24\n    at file:///C:/Users/tonio/Projects/trading-forge/trading-forge/node_modules/@vitest/runner/dist/chunk-hooks.js:155:11\n    at file:///C:/Users/tonio/Projects/trading-forge/trading-forge/node_modules/@vitest/runner/dist/chunk-hooks.js:752:26\n    at file:///C:/Users/tonio/Projects/trading-forge/trading-forge/node_modules/@vitest/runner/dist/chunk-hooks.js:1897:20\n    at new Promise (<anonymous>)\n    at runWithTimeout (file:///C:/Users/tonio/Projects/trading-forge/trading-forge/node_modules/@vitest/runner/dist/chunk-hooks.js:1863:10)\n    at runTest (file:///C:/Users/tonio/Projects/trading-forge/trading-forge/node_modules/@vitest/runner/dist/chunk-hooks.js:1574:12)\n    at processTicksAndRejections (node:internal/process/task_queues:103:5)\n    at runSuite (file:///C:/Users/tonio/Projects/trading-forge/trading-forge/node_modules/@vitest/runner/dist/chunk-hooks.js:1729:8)\n    at runSuite (file:///C:/Users/tonio/Projects/trading-forge/trading-forge/node_modules/@vitest/runner/dist/chunk-hooks.js:1729:8)"],"meta":{}},{"ancestorTitles":["Phase 4.4 — cross-archetype mutation learning"],"fullName":"Phase 4.4 — cross-archetype mutation learning evolve() reads cross_archetype_history from the config JSON","status":"failed","title":"evolve() reads cross_archetype_history from the config JSON","duration":0.2481000000000222,"failureMessages":["AssertionError: expected '\"\"\"Parameter Evolver — LLM-guided str…' to match /cross_archetype_history.*=.*config\\.g…/\n    at C:\\Users\\tonio\\Projects\\trading-forge\\trading-forge\\src\\server\\__tests__\\evolution-cross-archetype.test.ts:132:24\n    at file:///C:/Users/tonio/Projects/trading-forge/trading-forge/node_modules/@vitest/runner/dist/chunk-hooks.js:155:11\n    at file:///C:/Users/tonio/Projects/trading-forge/trading-forge/node_modules/@vitest/runner/dist/chunk-hooks.js:752:26\n    at file:///C:/Users/tonio/Projects/trading-forge/trading-forge/node_modules/@vitest/runner/dist/chunk-hooks.js:1897:20\n    at new Promise (<anonymous>)\n    at runWithTimeout (file:///C:/Users/tonio/Projects/trading-forge/trading-forge/node_modules/@vitest/runner/dist/chunk-hooks.js:1863:10)\n    at runTest (file:///C:/Users/tonio/Projects/trading-forge/trading-forge/node_modules/@vitest/runner/dist/chunk-hooks.js:1574:12)\n    at processTicksAndRejections (node:internal/process/task_queues:103:5)\n    at runSuite (file:///C:/Users/tonio/Projects/trading-forge/trading-forge/node_modules/@vitest/runner/dist/chunk-hooks.js:1729:8)\n    at runSuite (file:///C:/Users/tonio/Projects/trading-forge/trading-forge/node_modules/@vitest/runner/dist/chunk-hooks.js:1729:8)"],"meta":{}},{"ancestorTitles":["Phase 4.4 — cross-archetype mutation learning"],"fullName":"Phase 4.4 — cross-archetype mutation learning evolve() logs the cross-archetype history count to stderr","status":"failed","title":"evolve() logs the cross-archetype history count to stderr","duration":0.2329000000000292,"failureMessages":["AssertionError: expected '\"\"\"Parameter Evolver — LLM-guided str…' to match /Cross-archetype history/\n    at C:\\Users\\tonio\\Projects\\trading-forge\\trading-forge\\src\\server\\__tests__\\evolution-cross-archetype.test.ts:136:24\n    at file:///C:/Users/tonio/Projects/trading-forge/trading-forge/node_modules/@vitest/runner/dist/chunk-hooks.js:155:11\n    at file:///C:/Users/tonio/Projects/trading-forge/trading-forge/node_modules/@vitest/runner/dist/chunk-hooks.js:752:26\n    at file:///C:/Users/tonio/Projects/trading-forge/trading-forge/node_modules/@vitest/runner/dist/chunk-hooks.js:1897:20\n    at new Promise (<anonymous>)\n    at runWithTimeout (file:///C:/Users/tonio/Projects/trading-forge/trading-forge/node_modules/@vitest/runner/dist/chunk-hooks.js:1863:10)\n    at runTest (file:///C:/Users/tonio/Projects/trading-forge/trading-forge/node_modules/@vitest/runner/dist/chunk-hooks.js:1574:12)\n    at processTicksAndRejections (node:internal/process/task_queues:103:5)\n    at runSuite (file:///C:/Users/tonio/Projects/trading-forge/trading-forge/node_modules/@vitest/runner/dist/chunk-hooks.js:1729:8)\n    at runSuite (file:///C:/Users/tonio/Projects/trading-forge/trading-forge/node_modules/@vitest/runner/dist/chunk-hooks.js:1729:8)"],"meta":{}},{"ancestorTitles":["Phase 4.4 — cross-archetype mutation learning"],"fullName":"Phase 4.4 — cross-archetype mutation learning evolve() passes cross_archetype_history to build_mutation_prompt","status":"failed","title":"evolve() passes cross_archetype_history to build_mutation_prompt","duration":0.23320000000001073,"failureMessages":["AssertionError: expected '\"\"\"Parameter Evolver — LLM-guided str…' to match /cross_archetype_history\\s*=\\s*cross_a…/\n    at C:\\Users\\tonio\\Projects\\trading-forge\\trading-forge\\src\\server\\__tests__\\evolution-cross-archetype.test.ts:141:24\n    at file:///C:/Users/tonio/Projects/trading-forge/trading-forge/node_modules/@vitest/runner/dist/chunk-hooks.js:155:11\n    at file:///C:/Users/tonio/Projects/trading-forge/trading-forge/node_modules/@vitest/runner/dist/chunk-hooks.js:752:26\n    at file:///C:/Users/tonio/Projects/trading-forge/trading-forge/node_modules/@vitest/runner/dist/chunk-hooks.js:1897:20\n    at new Promise (<anonymous>)\n    at runWithTimeout (file:///C:/Users/tonio/Projects/trading-forge/trading-forge/node_modules/@vitest/runner/dist/chunk-hooks.js:1863:10)\n    at runTest (file:///C:/Users/tonio/Projects/trading-forge/trading-forge/node_modules/@vitest/runner/dist/chunk-hooks.js:1574:12)\n    at processTicksAndRejections (node:internal/process/task_queues:103:5)\n    at runSuite (file:///C:/Users/tonio/Projects/trading-forge/trading-forge/node_modules/@vitest/runner/dist/chunk-hooks.js:1729:8)\n    at runSuite (file:///C:/Users/tonio/Projects/trading-forge/trading-forge/node_modules/@vitest/runner/dist/chunk-hooks.js:1729:8)"],"meta":{}},{"ancestorTitles":["Phase 4.4 — cross-archetype mutation learning"],"fullName":"Phase 4.4 — cross-archetype mutation learning join uses existing mutationOutcomes.parentArchetype column — no new schema","status":"failed","title":"join uses existing mutationOutcomes.parentArchetype column — no new schema","duration":0.27019999999998845,"failureMessages":["AssertionError: expected '/**\\r\\n * Evolution Service — LLM-gui…' to match /mutationOutcomes\\.parentArchetype/\n    at C:\\Users\\tonio\\Projects\\trading-forge\\trading-forge\\src\\server\\__tests__\\evolution-cross-archetype.test.ts:148:26\n    at file:///C:/Users/tonio/Projects/trading-forge/trading-forge/node_modules/@vitest/runner/dist/chunk-hooks.js:155:11\n    at file:///C:/Users/tonio/Projects/trading-forge/trading-forge/node_modules/@vitest/runner/dist/chunk-hooks.js:752:26\n    at file:///C:/Users/tonio/Projects/trading-forge/trading-forge/node_modules/@vitest/runner/dist/chunk-hooks.js:1897:20\n    at new Promise (<anonymous>)\n    at runWithTimeout (file:///C:/Users/tonio/Projects/trading-forge/trading-forge/node_modules/@vitest/runner/dist/chunk-hooks.js:1863:10)\n    at runTest (file:///C:/Users/tonio/Projects/trading-forge/trading-forge/node_modules/@vitest/runner/dist/chunk-hooks.js:1574:12)\n    at processTicksAndRejections (node:internal/process/task_queues:103:5)\n    at runSuite (file:///C:/Users/tonio/Projects/trading-forge/trading-forge/node_modules/@vitest/runner/dist/chunk-hooks.js:1729:8)\n    at runSuite (file:///C:/Users/tonio/Projects/trading-forge/trading-forge/node_modules/@vitest/runner/dist/chunk-hooks.js:1729:8)"],"meta":{}}],"startTime":1776483998792,"endTime":1776483998803.2703,"status":"failed","message":"","name":"C:/Users/tonio/Projects/trading-forge/trading-forge/src/server/__tests__/evolution-cross-archetype.test.ts"},{"assertionResults":[{"ancestorTitles":["GET /api/health/dashboard"],"fullName":"GET /api/health/dashboard returns 200 with expected top-level shape","status":"passed","title":"returns 200 with expected top-level shape","duration":583.0551,"failureMessages":[],"meta":{}},{"ancestorTitles":["GET /api/health/dashboard"],"fullName":"GET /api/health/dashboard subsystems block contains postgres, ollama, python, n8n keys","status":"passed","title":"subsystems block contains postgres, ollama, python, n8n keys","duration":162.7215000000001,"failureMessages":[],"meta":{}},{"ancestorTitles":["GET /api/health/dashboard"],"fullName":"GET /api/health/dashboard each subsystem has a status field","status":"passed","title":"each subsystem has a status field","duration":158.42829999999958,"failureMessages":[],"meta":{}},{"ancestorTitles":["GET /api/health/dashboard"],"fullName":"GET /api/health/dashboard memory block has numeric MB fields","status":"passed","title":"memory block has numeric MB fields","duration":152.57209999999986,"failureMessages":[],"meta":{}},{"ancestorTitles":["GET /api/health/dashboard"],"fullName":"GET /api/health/dashboard scheduler block has jobs array","status":"passed","title":"scheduler block has jobs array","duration":151.12969999999996,"failureMessages":[],"meta":{}},{"ancestorTitles":["GET /api/health/dashboard"],"fullName":"GET /api/health/dashboard topology block reports map freshness","status":"passed","title":"topology block reports map freshness","duration":125.5957000000003,"failureMessages":[],"meta":{}},{"ancestorTitles":["GET /api/health/dashboard"],"fullName":"GET /api/health/dashboard topology exposes proof status summaries and deep-scan engine subsystem entries","status":"passed","title":"topology exposes proof status summaries and deep-scan engine subsystem entries","duration":163.63750000000027,"failureMessages":[],"meta":{}},{"ancestorTitles":["GET /api/health/dashboard"],"fullName":"GET /api/health/dashboard advancedModels exposes DeepAR and quantum runtime health","status":"passed","title":"advancedModels exposes DeepAR and quantum runtime health","duration":132.5909999999999,"failureMessages":[],"meta":{}},{"ancestorTitles":["GET /api/health/dashboard"],"fullName":"GET /api/health/dashboard paperSessions block has active / stale / total (or error)","status":"passed","title":"paperSessions block has active / stale / total (or error)","duration":129.79619999999977,"failureMessages":[],"meta":{}},{"ancestorTitles":["GET /api/health/dashboard"],"fullName":"GET /api/health/dashboard metrics is an array (empty or with sessions)","status":"passed","title":"metrics is an array (empty or with sessions)","duration":130.28849999999966,"failureMessages":[],"meta":{}},{"ancestorTitles":["GET /api/health/dashboard"],"fullName":"GET /api/health/dashboard responseMs is a non-negative number under 10 seconds","status":"passed","title":"responseMs is a non-negative number under 10 seconds","duration":130.4363000000003,"failureMessages":[],"meta":{}},{"ancestorTitles":["GET /api/health/throughput"],"fullName":"GET /api/health/throughput returns 200 with period_7d, period_30d, trends, cached_at, and cache_age_ms","status":"passed","title":"returns 200 with period_7d, period_30d, trends, cached_at, and cache_age_ms","duration":460.3706000000002,"failureMessages":[],"meta":{}},{"ancestorTitles":["GET /api/health/throughput"],"fullName":"GET /api/health/throughput period_7d has all required metric fields with correct types","status":"passed","title":"period_7d has all required metric fields with correct types","duration":1.1895999999997002,"failureMessages":[],"meta":{}},{"ancestorTitles":["GET /api/health/throughput"],"fullName":"GET /api/health/throughput period_30d has the same shape as period_7d","status":"passed","title":"period_30d has the same shape as period_7d","duration":0.9650000000001455,"failureMessages":[],"meta":{}},{"ancestorTitles":["GET /api/health/throughput"],"fullName":"GET /api/health/throughput trends block has correct types on all fields","status":"passed","title":"trends block has correct types on all fields","duration":1.0239000000001397,"failureMessages":[],"meta":{}},{"ancestorTitles":["GET /api/health/throughput"],"fullName":"GET /api/health/throughput pass_rate values are ratios between 0 and 1","status":"passed","title":"pass_rate values are ratios between 0 and 1","duration":0.7727000000004409,"failureMessages":[],"meta":{}},{"ancestorTitles":["GET /api/health/throughput"],"fullName":"GET /api/health/throughput second call has cache_age_ms >= 0 (cache populated from first call)","status":"passed","title":"second call has cache_age_ms >= 0 (cache populated from first call)","duration":1.1632999999992535,"failureMessages":[],"meta":{}}],"startTime":1776484000890,"endTime":1776484003376.1633,"status":"passed","message":"","name":"C:/Users/tonio/Projects/trading-forge/trading-forge/src/server/__tests__/health-dashboard.test.ts"},{"assertionResults":[{"ancestorTitles":["Integration Smoke Tests"],"fullName":"Integration Smoke Tests GET /api/health returns 200","status":"passed","title":"GET /api/health returns 200","duration":494.2687999999998,"failureMessages":[],"meta":{}},{"ancestorTitles":["Integration Smoke Tests"],"fullName":"Integration Smoke Tests GET /api/strategies returns 200 with array","status":"failed","title":"GET /api/strategies returns 200 with array","duration":66.25990000000002,"failureMessages":["AssertionError: expected 500 to be 200 // Object.is equality\n    at C:\\Users\\tonio\\Projects\\trading-forge\\trading-forge\\src\\server\\__tests__\\integration-smoke.test.ts:56:24\n    at processTicksAndRejections (node:internal/process/task_queues:103:5)\n    at file:///C:/Users/tonio/Projects/trading-forge/trading-forge/node_modules/@vitest/runner/dist/chunk-hooks.js:752:20"],"meta":{}},{"ancestorTitles":["Integration Smoke Tests"],"fullName":"Integration Smoke Tests GET /api/strategies/library returns 200","status":"failed","title":"GET /api/strategies/library returns 200","duration":113.16879999999992,"failureMessages":["AssertionError: expected 500 to be 200 // Object.is equality\n    at C:\\Users\\tonio\\Projects\\trading-forge\\trading-forge\\src\\server\\__tests__\\integration-smoke.test.ts:64:24\n    at processTicksAndRejections (node:internal/process/task_queues:103:5)\n    at file:///C:/Users/tonio/Projects/trading-forge/trading-forge/node_modules/@vitest/runner/dist/chunk-hooks.js:752:20"],"meta":{}},{"ancestorTitles":["Integration Smoke Tests"],"fullName":"Integration Smoke Tests POST /api/backtests with invalid body returns 400","status":"passed","title":"POST /api/backtests with invalid body returns 400","duration":8.372100000000046,"failureMessages":[],"meta":{}},{"ancestorTitles":["Integration Smoke Tests"],"fullName":"Integration Smoke Tests GET /api/journal returns 200","status":"passed","title":"GET /api/journal returns 200","duration":298.2252000000003,"failureMessages":[],"meta":{}},{"ancestorTitles":["Integration Smoke Tests"],"fullName":"Integration Smoke Tests GET /api/portfolio/heat returns 200","status":"passed","title":"GET /api/portfolio/heat returns 200","duration":115.60040000000026,"failureMessages":[],"meta":{}}],"startTime":1776484000887,"endTime":1776484001982.6003,"status":"failed","message":"","name":"C:/Users/tonio/Projects/trading-forge/trading-forge/src/server/__tests__/integration-smoke.test.ts"},{"assertionResults":[{"ancestorTitles":["MetricsAggregator","recordTrade / computeMetrics"],"fullName":"MetricsAggregator recordTrade / computeMetrics returns correct tradeCount and totalPnl after one trade","status":"passed","title":"returns correct tradeCount and totalPnl after one trade","duration":1.5494999999999948,"failureMessages":[],"meta":{}},{"ancestorTitles":["MetricsAggregator","recordTrade / computeMetrics"],"fullName":"MetricsAggregator recordTrade / computeMetrics accumulates across multiple trades","status":"passed","title":"accumulates across multiple trades","duration":0.35880000000000223,"failureMessages":[],"meta":{}},{"ancestorTitles":["MetricsAggregator","recordTrade / computeMetrics"],"fullName":"MetricsAggregator recordTrade / computeMetrics winRate = 1.0 for all winners","status":"passed","title":"winRate = 1.0 for all winners","duration":0.18859999999997967,"failureMessages":[],"meta":{}},{"ancestorTitles":["MetricsAggregator","recordTrade / computeMetrics"],"fullName":"MetricsAggregator recordTrade / computeMetrics winRate = 0 for all losers","status":"passed","title":"winRate = 0 for all losers","duration":0.13939999999999486,"failureMessages":[],"meta":{}},{"ancestorTitles":["MetricsAggregator","recordTrade / computeMetrics"],"fullName":"MetricsAggregator recordTrade / computeMetrics winStreak and lossStreak computed correctly","status":"passed","title":"winStreak and lossStreak computed correctly","duration":0.2545000000000073,"failureMessages":[],"meta":{}},{"ancestorTitles":["MetricsAggregator","recordTrade / computeMetrics"],"fullName":"MetricsAggregator recordTrade / computeMetrics rollingSharpe is 0 when all trades are equal (zero std dev)","status":"passed","title":"rollingSharpe is 0 when all trades are equal (zero std dev)","duration":0.1741000000000099,"failureMessages":[],"meta":{}},{"ancestorTitles":["MetricsAggregator","recordTrade / computeMetrics"],"fullName":"MetricsAggregator recordTrade / computeMetrics drawdownPct is 0 when all trades are winners","status":"passed","title":"drawdownPct is 0 when all trades are winners","duration":0.1379000000000019,"failureMessages":[],"meta":{}},{"ancestorTitles":["MetricsAggregator","recordTrade / computeMetrics"],"fullName":"MetricsAggregator recordTrade / computeMetrics drawdownPct is negative when there is a drawdown","status":"passed","title":"drawdownPct is negative when there is a drawdown","duration":0.13229999999998654,"failureMessages":[],"meta":{}},{"ancestorTitles":["MetricsAggregator","window capping"],"fullName":"MetricsAggregator window capping caps at 50 trades (MAX_WINDOW)","status":"passed","title":"caps at 50 trades (MAX_WINDOW)","duration":0.6828999999999894,"failureMessages":[],"meta":{}},{"ancestorTitles":["MetricsAggregator","getSessionMetrics"],"fullName":"MetricsAggregator getSessionMetrics returns null for unknown session","status":"passed","title":"returns null for unknown session","duration":0.14709999999999468,"failureMessages":[],"meta":{}},{"ancestorTitles":["MetricsAggregator","getSessionMetrics"],"fullName":"MetricsAggregator getSessionMetrics returns metrics after a trade has been recorded","status":"passed","title":"returns metrics after a trade has been recorded","duration":0.13519999999999754,"failureMessages":[],"meta":{}},{"ancestorTitles":["MetricsAggregator","getAllMetrics"],"fullName":"MetricsAggregator getAllMetrics returns empty array when no sessions have trades","status":"passed","title":"returns empty array when no sessions have trades","duration":0.12930000000000064,"failureMessages":[],"meta":{}},{"ancestorTitles":["MetricsAggregator","getAllMetrics"],"fullName":"MetricsAggregator getAllMetrics includes both sessions when both have trades","status":"passed","title":"includes both sessions when both have trades","duration":0.8652999999999906,"failureMessages":[],"meta":{}},{"ancestorTitles":["MetricsAggregator","emitSnapshot"],"fullName":"MetricsAggregator emitSnapshot does NOT broadcast when no sessions have trades","status":"passed","title":"does NOT broadcast when no sessions have trades","duration":2.654699999999991,"failureMessages":[],"meta":{}},{"ancestorTitles":["MetricsAggregator","emitSnapshot"],"fullName":"MetricsAggregator emitSnapshot broadcasts metrics:snapshot with all active sessions","status":"passed","title":"broadcasts metrics:snapshot with all active sessions","duration":0.3480000000000132,"failureMessages":[],"meta":{}},{"ancestorTitles":["MetricsAggregator","clearSession"],"fullName":"MetricsAggregator clearSession removes the session window so getSessionMetrics returns null","status":"passed","title":"removes the session window so getSessionMetrics returns null","duration":0.14240000000000919,"failureMessages":[],"meta":{}}],"startTime":1776483999173,"endTime":1776483999181.348,"status":"passed","message":"","name":"C:/Users/tonio/Projects/trading-forge/trading-forge/src/server/__tests__/metrics-aggregator.test.ts"},{"assertionResults":[{"ancestorTitles":["4.9 python-runner — stderr log level"],"fullName":"4.9 python-runner — stderr log level logs stderr at warn, not debug","status":"passed","title":"logs stderr at warn, not debug","duration":6.209499999999991,"failureMessages":[],"meta":{}},{"ancestorTitles":["4.10 correlationMiddleware"],"fullName":"4.10 correlationMiddleware generates a UUID when X-Request-ID is absent","status":"passed","title":"generates a UUID when X-Request-ID is absent","duration":0.6173000000000002,"failureMessages":[],"meta":{}},{"ancestorTitles":["4.10 correlationMiddleware"],"fullName":"4.10 correlationMiddleware uses X-Request-ID header when present","status":"passed","title":"uses X-Request-ID header when present","duration":0.13510000000002265,"failureMessages":[],"meta":{}},{"ancestorTitles":["4.10 correlationMiddleware"],"fullName":"4.10 correlationMiddleware attaches a child logger to req.log","status":"passed","title":"attaches a child logger to req.log","duration":0.34550000000001546,"failureMessages":[],"meta":{}},{"ancestorTitles":["4.10 correlationMiddleware"],"fullName":"4.10 correlationMiddleware calls next() always","status":"passed","title":"calls next() always","duration":0.13149999999995998,"failureMessages":[],"meta":{}},{"ancestorTitles":["4.11 broadcastSSE — sequence numbers and ring buffer"],"fullName":"4.11 broadcastSSE — sequence numbers and ring buffer SSE module includes all required sequence/buffer constructs","status":"passed","title":"SSE module includes all required sequence/buffer constructs","duration":0.372099999999989,"failureMessages":[],"meta":{}},{"ancestorTitles":["4.11 broadcastSSE — sequence numbers and ring buffer"],"fullName":"4.11 broadcastSSE — sequence numbers and ring buffer broadcastSSE does not throw with no connected clients","status":"passed","title":"broadcastSSE does not throw with no connected clients","duration":207.48699999999997,"failureMessages":[],"meta":{}},{"ancestorTitles":["4.11 broadcastSSE — sequence numbers and ring buffer"],"fullName":"4.11 broadcastSSE — sequence numbers and ring buffer broadcastSSE assigns increasing sequence numbers","status":"passed","title":"broadcastSSE assigns increasing sequence numbers","duration":0.3713999999999942,"failureMessages":[],"meta":{}},{"ancestorTitles":["4.12 /api/health — degraded status on Ollama outage"],"fullName":"4.12 /api/health — degraded status on Ollama outage top-level status logic: degraded when ollama is unreachable","status":"passed","title":"top-level status logic: degraded when ollama is unreachable","duration":0.24169999999992342,"failureMessages":[],"meta":{}},{"ancestorTitles":["4.12 /api/health — degraded status on Ollama outage"],"fullName":"4.12 /api/health — degraded status on Ollama outage health endpoint source includes CircuitBreakerRegistry.statusAll()","status":"passed","title":"health endpoint source includes CircuitBreakerRegistry.statusAll()","duration":0.4167000000001053,"failureMessages":[],"meta":{}},{"ancestorTitles":["4.13 paper session audit actions"],"fullName":"4.13 paper session audit actions paper.ts imports auditLog from schema","status":"passed","title":"paper.ts imports auditLog from schema","duration":2.18100000000004,"failureMessages":[],"meta":{}},{"ancestorTitles":["4.13 paper session audit actions"],"fullName":"4.13 paper session audit actions session_start audit entry includes strategyId in input","status":"passed","title":"session_start audit entry includes strategyId in input","duration":0.44449999999994816,"failureMessages":[],"meta":{}},{"ancestorTitles":["4.13 paper session audit actions"],"fullName":"4.13 paper session audit actions session_stop audit entry includes stoppedAt in result","status":"passed","title":"session_stop audit entry includes stoppedAt in result","duration":0.34390000000007603,"failureMessages":[],"meta":{}},{"ancestorTitles":["4.14 strategy deploy approval audit"],"fullName":"4.14 strategy deploy approval audit strategies.ts imports auditLog and logger","status":"passed","title":"strategies.ts imports auditLog and logger","duration":0.3304000000000542,"failureMessages":[],"meta":{}},{"ancestorTitles":["4.14 strategy deploy approval audit"],"fullName":"4.14 strategy deploy approval audit deploy audit entry includes metrics snapshot fields","status":"passed","title":"deploy audit entry includes metrics snapshot fields","duration":0.41859999999996944,"failureMessages":[],"meta":{}},{"ancestorTitles":["4.14 strategy deploy approval audit"],"fullName":"4.14 strategy deploy approval audit deploy audit failure does not prevent successful deployment response","status":"passed","title":"deploy audit failure does not prevent successful deployment response","duration":0.2966999999999871,"failureMessages":[],"meta":{}},{"ancestorTitles":["4.14 strategy deploy approval audit"],"fullName":"4.14 strategy deploy approval audit generic lifecycle patch cannot be used as a deploy backdoor","status":"passed","title":"generic lifecycle patch cannot be used as a deploy backdoor","duration":0.26519999999993615,"failureMessages":[],"meta":{}},{"ancestorTitles":["4.14 strategy deploy approval audit"],"fullName":"4.14 strategy deploy approval audit lifecycle service hard-blocks DEPLOY_READY -> DEPLOYED without human release authority","status":"passed","title":"lifecycle service hard-blocks DEPLOY_READY -> DEPLOYED without human release authority","duration":0.3849999999999909,"failureMessages":[],"meta":{}}],"startTime":1776483998865,"endTime":1776483999086.385,"status":"passed","message":"","name":"C:/Users/tonio/Projects/trading-forge/trading-forge/src/server/__tests__/observability-polish.test.ts"},{"assertionResults":[{"ancestorTitles":["computeSessionFeedback"],"fullName":"computeSessionFeedback returns null when session does not exist","status":"passed","title":"returns null when session does not exist","duration":4.952800000000025,"failureMessages":[],"meta":{}},{"ancestorTitles":["computeSessionFeedback"],"fullName":"computeSessionFeedback returns a zero-trade summary when there are no trades","status":"passed","title":"returns a zero-trade summary when there are no trades","duration":0.9353999999999587,"failureMessages":[],"meta":{}},{"ancestorTitles":["computeSessionFeedback"],"fullName":"computeSessionFeedback computes correct win rate for a set of trades","status":"passed","title":"computes correct win rate for a set of trades","duration":0.6421000000000276,"failureMessages":[],"meta":{}},{"ancestorTitles":["computeSessionFeedback"],"fullName":"computeSessionFeedback computes win rate by session window correctly","status":"passed","title":"computes win rate by session window correctly","duration":0.42250000000001364,"failureMessages":[],"meta":{}},{"ancestorTitles":["computeSessionFeedback"],"fullName":"computeSessionFeedback computes P&L totals correctly","status":"passed","title":"computes P&L totals correctly","duration":0.39639999999997144,"failureMessages":[],"meta":{}},{"ancestorTitles":["computeSessionFeedback"],"fullName":"computeSessionFeedback computes profit factor as gross_profit / gross_loss","status":"passed","title":"computes profit factor as gross_profit / gross_loss","duration":0.30299999999999727,"failureMessages":[],"meta":{}},{"ancestorTitles":["computeSessionFeedback"],"fullName":"computeSessionFeedback sets hasMaeData=false when all mae/mfe are null","status":"passed","title":"sets hasMaeData=false when all mae/mfe are null","duration":0.3587999999999738,"failureMessages":[],"meta":{}},{"ancestorTitles":["computeSessionFeedback"],"fullName":"computeSessionFeedback computes stop tightness ratio when MAE data is available","status":"passed","title":"computes stop tightness ratio when MAE data is available","duration":0.5437999999999192,"failureMessages":[],"meta":{}},{"ancestorTitles":["computeSessionFeedback"],"fullName":"computeSessionFeedback computes average realized R:R from MFE/|MAE| per trade","status":"passed","title":"computes average realized R:R from MFE/|MAE| per trade","duration":0.4033000000000584,"failureMessages":[],"meta":{}},{"ancestorTitles":["computeSessionFeedback"],"fullName":"computeSessionFeedback computes MFE capture rate as avg_win / avg_mfe_on_winners","status":"passed","title":"computes MFE capture rate as avg_win / avg_mfe_on_winners","duration":0.37570000000005166,"failureMessages":[],"meta":{}},{"ancestorTitles":["computeSessionFeedback"],"fullName":"computeSessionFeedback computes win rate by side correctly","status":"passed","title":"computes win rate by side correctly","duration":0.44830000000001746,"failureMessages":[],"meta":{}},{"ancestorTitles":["computeSessionFeedback"],"fullName":"computeSessionFeedback produces a non-empty notes string","status":"passed","title":"produces a non-empty notes string","duration":0.44029999999997926,"failureMessages":[],"meta":{}},{"ancestorTitles":["computeSessionFeedback"],"fullName":"computeSessionFeedback notes include stop tightness warning when ratio > 1.2","status":"passed","title":"notes include stop tightness warning when ratio > 1.2","duration":0.4177000000000817,"failureMessages":[],"meta":{}},{"ancestorTitles":["computeAndPersistSessionFeedback"],"fullName":"computeAndPersistSessionFeedback does not throw when db.delete fails","status":"passed","title":"does not throw when db.delete fails","duration":1.129000000000019,"failureMessages":[],"meta":{}},{"ancestorTitles":["computeAndPersistSessionFeedback"],"fullName":"computeAndPersistSessionFeedback does not throw when session is not found","status":"passed","title":"does not throw when session is not found","duration":0.29149999999992815,"failureMessages":[],"meta":{}},{"ancestorTitles":["paper-session-feedback route integration"],"fullName":"paper-session-feedback route integration paper.ts imports paperSessionFeedback from schema","status":"passed","title":"paper.ts imports paperSessionFeedback from schema","duration":2.1224999999999454,"failureMessages":[],"meta":{}},{"ancestorTitles":["paper-session-feedback route integration"],"fullName":"paper-session-feedback route integration paper.ts imports computeAndPersistSessionFeedback","status":"passed","title":"paper.ts imports computeAndPersistSessionFeedback","duration":0.3809999999999718,"failureMessages":[],"meta":{}},{"ancestorTitles":["paper-session-feedback route integration"],"fullName":"paper-session-feedback route integration scheduler.ts imports computeAndPersistSessionFeedback","status":"passed","title":"scheduler.ts imports computeAndPersistSessionFeedback","duration":0.8185000000000855,"failureMessages":[],"meta":{}},{"ancestorTitles":["paper-session-feedback route integration"],"fullName":"paper-session-feedback route integration schema.ts defines paperSessionFeedback table","status":"passed","title":"schema.ts defines paperSessionFeedback table","duration":0.5910999999999831,"failureMessages":[],"meta":{}},{"ancestorTitles":["paper-session-feedback route integration"],"fullName":"paper-session-feedback route integration paper.ts broadcasts paper:session-feedback-computed SSE event on stop","status":"passed","title":"paper.ts broadcasts paper:session-feedback-computed SSE event on stop","duration":0.33569999999997435,"failureMessages":[],"meta":{}},{"ancestorTitles":["paper-session-feedback route integration"],"fullName":"paper-session-feedback route integration paper.ts calls computeAndPersistSessionFeedback from the kill path","status":"passed","title":"paper.ts calls computeAndPersistSessionFeedback from the kill path","duration":0.3409999999998945,"failureMessages":[],"meta":{}},{"ancestorTitles":["paper-session-feedback route integration"],"fullName":"paper-session-feedback route integration migration 0037 defines the paper_session_feedback table","status":"passed","title":"migration 0037 defines the paper_session_feedback table","duration":0.3491999999999962,"failureMessages":[],"meta":{}}],"startTime":1776483999206,"endTime":1776483999224.349,"status":"passed","message":"","name":"C:/Users/tonio/Projects/trading-forge/trading-forge/src/server/__tests__/paper-session-feedback.test.ts"},{"assertionResults":[{"ancestorTitles":["Pine Export Schemas"],"fullName":"Pine Export Schemas validates correct compile request","status":"passed","title":"validates correct compile request","duration":2.048400000000015,"failureMessages":[],"meta":{}},{"ancestorTitles":["Pine Export Schemas"],"fullName":"Pine Export Schemas rejects invalid UUID","status":"passed","title":"rejects invalid UUID","duration":0.5948000000000206,"failureMessages":[],"meta":{}},{"ancestorTitles":["Pine Export Schemas"],"fullName":"Pine Export Schemas defaults exportType to pine_indicator","status":"passed","title":"defaults exportType to pine_indicator","duration":0.22879999999997835,"failureMessages":[],"meta":{}},{"ancestorTitles":["Pine Export Schemas"],"fullName":"Pine Export Schemas rejects invalid exportType","status":"passed","title":"rejects invalid exportType","duration":0.24849999999997863,"failureMessages":[],"meta":{}},{"ancestorTitles":["Pine Export Schemas"],"fullName":"Pine Export Schemas accepts optional firmKey","status":"passed","title":"accepts optional firmKey","duration":0.22149999999999181,"failureMessages":[],"meta":{}}],"startTime":1776483999575,"endTime":1776483999578.2485,"status":"passed","message":"","name":"C:/Users/tonio/Projects/trading-forge/trading-forge/src/server/__tests__/pine-export-routes.test.ts"},{"assertionResults":[{"ancestorTitles":["production convergence hardening"],"fullName":"production convergence hardening archetype read routes are backed by day_archetypes queries instead of placeholder responses","status":"passed","title":"archetype read routes are backed by day_archetypes queries instead of placeholder responses","duration":16.05060000000003,"failureMessages":[],"meta":{}},{"ancestorTitles":["production convergence hardening"],"fullName":"production convergence hardening compiler routes treat audit persistence as a strict requirement","status":"passed","title":"compiler routes treat audit persistence as a strict requirement","duration":0.43379999999996244,"failureMessages":[],"meta":{}},{"ancestorTitles":["production convergence hardening"],"fullName":"production convergence hardening skip routes use schema-compatible stable selects for live database reads","status":"passed","title":"skip routes use schema-compatible stable selects for live database reads","duration":0.3720000000000141,"failureMessages":[],"meta":{}},{"ancestorTitles":["production convergence hardening"],"fullName":"production convergence hardening compliance routes avoid selecting invalidation columns that are absent in the live database","status":"passed","title":"compliance routes avoid selecting invalidation columns that are absent in the live database","duration":0.29050000000000864,"failureMessages":[],"meta":{}},{"ancestorTitles":["production convergence hardening"],"fullName":"production convergence hardening anti-setup mining supports strategy_id workflow calls instead of only raw trade arrays","status":"passed","title":"anti-setup mining supports strategy_id workflow calls instead of only raw trade arrays","duration":0.2892999999999688,"failureMessages":[],"meta":{}},{"ancestorTitles":["production convergence hardening"],"fullName":"production convergence hardening 0A health monitor waits for all probes and persists alerts through the API","status":"passed","title":"0A health monitor waits for all probes and persists alerts through the API","duration":0.3180000000000405,"failureMessages":[],"meta":{}},{"ancestorTitles":["production convergence hardening"],"fullName":"production convergence hardening 5H reddit scout keeps the scout-ideas contract and dedupes against journal fingerprints","status":"passed","title":"5H reddit scout keeps the scout-ideas contract and dedupes against journal fingerprints","duration":0.2673000000000343,"failureMessages":[],"meta":{}},{"ancestorTitles":["production convergence hardening"],"fullName":"production convergence hardening 8B source quality review uses the stable source-stats endpoint and valid code syntax","status":"passed","title":"8B source quality review uses the stable source-stats endpoint and valid code syntax","duration":0.2166000000000281,"failureMessages":[],"meta":{}},{"ancestorTitles":["production convergence hardening"],"fullName":"production convergence hardening all n8n HTTP request nodes enforce baseline resilience controls","status":"passed","title":"all n8n HTTP request nodes enforce baseline resilience controls","duration":13.40160000000003,"failureMessages":[],"meta":{}}],"startTime":1776483998824,"endTime":1776483998855.4016,"status":"passed","message":"","name":"C:/Users/tonio/Projects/trading-forge/trading-forge/src/serve
[...]
alling prices","duration":0.11780000000010205,"failureMessages":[],"meta":{}},{"ancestorTitles":["RSI"],"fullName":"RSI returns ~50 for alternating prices","status":"passed","title":"returns ~50 for alternating prices","duration":0.19780000000002929,"failureMessages":[],"meta":{}},{"ancestorTitles":["ATR"],"fullName":"ATR returns NaN with insufficient data","status":"passed","title":"returns NaN with insufficient data","duration":0.19129999999995562,"failureMessages":[],"meta":{}},{"ancestorTitles":["ATR"],"fullName":"ATR returns a positive value for normal price data","status":"passed","title":"returns a positive value for normal price data","duration":0.14839999999992415,"failureMessages":[],"meta":{}},{"ancestorTitles":["ATR"],"fullName":"ATR is roughly equal to bar range when range is constant","status":"passed","title":"is roughly equal to bar range when range is constant","duration":0.09810000000004493,"failureMessages":[],"meta":{}},{"ancestorTitles":["VWAP"],"fullName":"VWAP returns NaN for empty buffer","status":"passed","title":"returns NaN for empty buffer","duration":0.1130999999999176,"failureMessages":[],"meta":{}},{"ancestorTitles":["VWAP"],"fullName":"VWAP equals typical price when all bars have equal volume","status":"passed","title":"equals typical price when all bars have equal volume","duration":0.07779999999991105,"failureMessages":[],"meta":{}},{"ancestorTitles":["BollingerBands"],"fullName":"BollingerBands returns NaN bands when insufficient data","status":"passed","title":"returns NaN bands when insufficient data","duration":0.17409999999995307,"failureMessages":[],"meta":{}},{"ancestorTitles":["BollingerBands"],"fullName":"BollingerBands upper > middle > lower for non-constant price","status":"passed","title":"upper > middle > lower for non-constant price","duration":0.1491999999999507,"failureMessages":[],"meta":{}},{"ancestorTitles":["BollingerBands"],"fullName":"BollingerBands bands collapse to middle when price is constant","status":"passed","title":"bands collapse to middle when price is constant","duration":0.12250000000005912,"failureMessages":[],"meta":{}},{"ancestorTitles":["evaluateExpression"],"fullName":"evaluateExpression evaluates close > sma_20 correctly","status":"passed","title":"evaluates close > sma_20 correctly","duration":0.33749999999997726,"failureMessages":[],"meta":{}},{"ancestorTitles":["evaluateExpression"],"fullName":"evaluateExpression evaluates close < sma_20 correctly (false case)","status":"passed","title":"evaluates close < sma_20 correctly (false case)","duration":0.16480000000001382,"failureMessages":[],"meta":{}},{"ancestorTitles":["evaluateExpression"],"fullName":"evaluateExpression evaluates numeric RHS: rsi_14 > 60","status":"passed","title":"evaluates numeric RHS: rsi_14 > 60","duration":0.0705000000000382,"failureMessages":[],"meta":{}},{"ancestorTitles":["evaluateExpression"],"fullName":"evaluateExpression evaluates numeric RHS: rsi_14 < 30 (false case)","status":"passed","title":"evaluates numeric RHS: rsi_14 < 30 (false case)","duration":0.057900000000017826,"failureMessages":[],"meta":{}},{"ancestorTitles":["evaluateExpression"],"fullName":"evaluateExpression evaluates cross_above correctly","status":"passed","title":"evaluates cross_above correctly","duration":0.0664000000000442,"failureMessages":[],"meta":{}},{"ancestorTitles":["evaluateExpression"],"fullName":"evaluateExpression evaluates cross_below correctly","status":"passed","title":"evaluates cross_below correctly","duration":0.05560000000002674,"failureMessages":[],"meta":{}},{"ancestorTitles":["evaluateExpression"],"fullName":"evaluateExpression returns false when indicator value is NaN","status":"passed","title":"returns false when indicator value is NaN","duration":0.06790000000000873,"failureMessages":[],"meta":{}},{"ancestorTitles":["evaluateExpression"],"fullName":"evaluateExpression returns false for unknown expression format","status":"passed","title":"returns false for unknown expression format","duration":0.20060000000000855,"failureMessages":[],"meta":{}},{"ancestorTitles":["evaluateExpression"],"fullName":"evaluateExpression returns false for cross when previous is null","status":"passed","title":"returns false for cross when previous is null","duration":0.06189999999992324,"failureMessages":[],"meta":{}},{"ancestorTitles":["evaluateExpression"],"fullName":"evaluateExpression evaluates >= and <= operators","status":"passed","title":"evaluates >= and <= operators","duration":0.13869999999997162,"failureMessages":[],"meta":{}},{"ancestorTitles":["2.7 — unknown indicator detection logic"],"fullName":"2.7 — unknown indicator detection logic all TS_KNOWN indicators resolve in evaluateExpression (no NaN on known names)","status":"passed","title":"all TS_KNOWN indicators resolve in evaluateExpression (no NaN on known names)","duration":0.5021000000000413,"failureMessages":[],"meta":{}},{"ancestorTitles":["2.7 — unknown indicator detection logic"],"fullName":"2.7 — unknown indicator detection logic ICT indicator names not in TS set return false (NaN path)","status":"passed","title":"ICT indicator names not in TS set return false (NaN path)","duration":0.15550000000007458,"failureMessages":[],"meta":{}},{"ancestorTitles":["2.3 — trail stop parity assumptions"],"fullName":"2.3 — trail stop parity assumptions ATR computation is consistent with trail stop requirements","status":"passed","title":"ATR computation is consistent with trail stop requirements","duration":0.1268000000000029,"failureMessages":[],"meta":{}},{"ancestorTitles":["2.3 — trail stop parity assumptions"],"fullName":"2.3 — trail stop parity assumptions checkTrailStop HWM starts from first bar high for longs","status":"passed","title":"checkTrailStop HWM starts from first bar high for longs","duration":0.09940000000005966,"failureMessages":[],"meta":{}},{"ancestorTitles":["2.4 — max_hold_bars parity assumptions"],"fullName":"2.4 — max_hold_bars parity assumptions bars-held counter must trigger at exactly max_hold_bars","status":"passed","title":"bars-held counter must trigger at exactly max_hold_bars","duration":0.6624000000000478,"failureMessages":[],"meta":{}},{"ancestorTitles":["2.4 — max_hold_bars parity assumptions"],"fullName":"2.4 — max_hold_bars parity assumptions time exit closes at bar.close (mark price), not stop level","status":"passed","title":"time exit closes at bar.close (mark price), not stop level","duration":0.09090000000003329,"failureMessages":[],"meta":{}},{"ancestorTitles":["H2 — trail stop HWM persistence contract"],"fullName":"H2 — trail stop HWM persistence contract HWM for long equals max(prevHWM, bar.high)","status":"passed","title":"HWM for long equals max(prevHWM, bar.high)","duration":0.07240000000001601,"failureMessages":[],"meta":{}},{"ancestorTitles":["H2 — trail stop HWM persistence contract"],"fullName":"H2 — trail stop HWM persistence contract HWM for long advances when bar.high exceeds prior HWM","status":"passed","title":"HWM for long advances when bar.high exceeds prior HWM","duration":0.060500000000047294,"failureMessages":[],"meta":{}},{"ancestorTitles":["H2 — trail stop HWM persistence contract"],"fullName":"H2 — trail stop HWM persistence contract HWM for long does not retreat when bar.high is lower than prior HWM","status":"passed","title":"HWM for long does not retreat when bar.high is lower than prior HWM","duration":0.053100000000085856,"failureMessages":[],"meta":{}},{"ancestorTitles":["H2 — trail stop HWM persistence contract"],"fullName":"H2 — trail stop HWM persistence contract HWM for short equals min(prevHWM, bar.low)","status":"passed","title":"HWM for short equals min(prevHWM, bar.low)","duration":0.05259999999998399,"failureMessages":[],"meta":{}},{"ancestorTitles":["H2 — trail stop HWM persistence contract"],"fullName":"H2 — trail stop HWM persistence contract HWM for short does not advance when bar.low is higher than prior HWM","status":"passed","title":"HWM for short does not advance when bar.low is higher than prior HWM","duration":0.048499999999989996,"failureMessages":[],"meta":{}},{"ancestorTitles":["H2 — trail stop HWM persistence contract"],"fullName":"H2 — trail stop HWM persistence contract trail level for long = HWM - atr_mult * ATR","status":"passed","title":"trail level for long = HWM - atr_mult * ATR","duration":0.0482000000000653,"failureMessages":[],"meta":{}},{"ancestorTitles":["H2 — trail stop HWM persistence contract"],"fullName":"H2 — trail stop HWM persistence contract trail hit for long when bar.low <= trailLevel","status":"passed","title":"trail hit for long when bar.low <= trailLevel","duration":0.04959999999994125,"failureMessages":[],"meta":{}},{"ancestorTitles":["H2 — trail stop HWM persistence contract"],"fullName":"H2 — trail stop HWM persistence contract trail NOT hit for long when bar.low > trailLevel","status":"passed","title":"trail NOT hit for long when bar.low > trailLevel","duration":0.04719999999997526,"failureMessages":[],"meta":{}},{"ancestorTitles":["H3 — totalTrades increment arithmetic"],"fullName":"H3 — totalTrades increment arithmetic COALESCE(null, 0) + 1 = 1 (first trade on new session)","status":"passed","title":"COALESCE(null, 0) + 1 = 1 (first trade on new session)","duration":0.0545999999999367,"failureMessages":[],"meta":{}},{"ancestorTitles":["H3 — totalTrades increment arithmetic"],"fullName":"H3 — totalTrades increment arithmetic COALESCE(5, 0) + 1 = 6 (nth trade)","status":"passed","title":"COALESCE(5, 0) + 1 = 6 (nth trade)","duration":0.04899999999997817,"failureMessages":[],"meta":{}},{"ancestorTitles":["H3 — totalTrades increment arithmetic"],"fullName":"H3 — totalTrades increment arithmetic totalTrades monotonically increases — never decrements","status":"passed","title":"totalTrades monotonically increases — never decrements","duration":0.1534999999998945,"failureMessages":[],"meta":{}},{"ancestorTitles":["M5 — calendar block and fill miss log contract"],"fullName":"M5 — calendar block and fill miss log contract calendar_blocked log entry has acted=false","status":"passed","title":"calendar_blocked log entry has acted=false","duration":0.13370000000008986,"failureMessages":[],"meta":{}},{"ancestorTitles":["M5 — calendar block and fill miss log contract"],"fullName":"M5 — calendar block and fill miss log contract fill_miss log entry has acted=false","status":"passed","title":"fill_miss log entry has acted=false","duration":0.10569999999995616,"failureMessages":[],"meta":{}},{"ancestorTitles":["M5 — calendar block and fill miss log contract"],"fullName":"M5 — calendar block and fill miss log contract calendar block reason includes event name for economic events","status":"passed","title":"calendar block reason includes event name for economic events","duration":0.13340000000005148,"failureMessages":[],"meta":{}},{"ancestorTitles":["M5 — calendar block and fill miss log contract"],"fullName":"M5 — calendar block and fill miss log contract calendar block reason is holiday for holiday blocks","status":"passed","title":"calendar block reason is holiday for holiday blocks","duration":0.05740000000002965,"failureMessages":[],"meta":{}},{"ancestorTitles":["M5 — calendar block and fill miss log contract"],"fullName":"M5 — calendar block and fill miss log contract calendar_blocked and fill_miss are distinct signal types","status":"passed","title":"calendar_blocked and fill_miss are distinct signal types","duration":0.6702999999999975,"failureMessages":[],"meta":{}},{"ancestorTitles":["Fix 4.5 — ICT bridge failure log contract"],"fullName":"Fix 4.5 — ICT bridge failure log contract ict_bridge_failure log entry has acted=false","status":"passed","title":"ict_bridge_failure log entry has acted=false","duration":0.11320000000000618,"failureMessages":[],"meta":{}},{"ancestorTitles":["Fix 4.5 — ICT bridge failure log contract"],"fullName":"Fix 4.5 — ICT bridge failure log contract ict_bridge_failure log entry reason is non-empty","status":"passed","title":"ict_bridge_failure log entry reason is non-empty","duration":0.08580000000006294,"failureMessages":[],"meta":{}},{"ancestorTitles":["Fix 4.5 — ICT bridge failure log contract"],"fullName":"Fix 4.5 — ICT bridge failure log contract SSE event name for bridge failure is 'alert:ict_bridge_down'","status":"passed","title":"SSE event name for bridge failure is 'alert:ict_bridge_down'","duration":0.0907999999999447,"failureMessages":[],"meta":{}},{"ancestorTitles":["Fix 4.5 — ICT bridge failure log contract"],"fullName":"Fix 4.5 — ICT bridge failure log contract bridge failure SSE payload contains sessionId, symbol, and error","status":"passed","title":"bridge failure SSE payload contains sessionId, symbol, and error","duration":0.22309999999993124,"failureMessages":[],"meta":{}},{"ancestorTitles":["Fix 4.5 — ICT bridge failure log contract"],"fullName":"Fix 4.5 — ICT bridge failure log contract all-NaN detection: all requested names absent from validated = bridge failure","status":"passed","title":"all-NaN detection: all requested names absent from validated = bridge failure","duration":0.07970000000000255,"failureMessages":[],"meta":{}},{"ancestorTitles":["Fix 4.5 — ICT bridge failure log contract"],"fullName":"Fix 4.5 — ICT bridge failure log contract partial result (some indicators valid) does NOT trigger all-NaN detection","status":"passed","title":"partial result (some indicators valid) does NOT trigger all-NaN detection","duration":0.07489999999995689,"failureMessages":[],"meta":{}},{"ancestorTitles":["Fix 4.5 — ICT bridge failure log contract"],"fullName":"Fix 4.5 — ICT bridge failure log contract ict_bridge_failure is distinct from all other signal types","status":"passed","title":"ict_bridge_failure is distinct from all other signal types","duration":0.1834999999999809,"failureMessages":[],"meta":{}},{"ancestorTitles":["Fix 4.5 — ICT bridge failure log contract"],"fullName":"Fix 4.5 — ICT bridge failure log contract fail-open: bridge failure returns empty indicators (rules evaluate to false, not crash)","status":"passed","title":"fail-open: bridge failure returns empty indicators (rules evaluate to false, not crash)","duration":0.1348000000000411,"failureMessages":[],"meta":{}},{"ancestorTitles":["Fix 4.6 — post-close SSE resilience contract"],"fullName":"Fix 4.6 — post-close SSE resilience contract broadcastSSE fires even when consistency check throws","status":"passed","title":"broadcastSSE fires even when consistency check throws","duration":0.3487999999999829,"failureMessages":[],"meta":{}},{"ancestorTitles":["Fix 4.6 — post-close SSE resilience contract"],"fullName":"Fix 4.6 — post-close SSE resilience contract broadcastSSE fires even when rolling metrics throws","status":"passed","title":"broadcastSSE fires even when rolling metrics throws","duration":0.3683000000000902,"failureMessages":[],"meta":{}},{"ancestorTitles":["Fix 4.6 — post-close SSE resilience contract"],"fullName":"Fix 4.6 — post-close SSE resilience contract broadcastSSE fires even when both consistency and metrics throw","status":"passed","title":"broadcastSSE fires even when both consistency and metrics throw","duration":0.2901999999999134,"failureMessages":[],"meta":{}},{"ancestorTitles":["Fix 4.6 — post-close SSE resilience contract"],"fullName":"Fix 4.6 — post-close SSE resilience contract onPaperTradeClose failure does not propagate — is independently caught","status":"passed","title":"onPaperTradeClose failure does not propagate — is independently caught","duration":0.14639999999997144,"failureMessages":[],"meta":{}},{"ancestorTitles":["Fix 4.6 — post-close SSE resilience contract"],"fullName":"Fix 4.6 — post-close SSE resilience contract post-close steps run independently — consistency failure does not skip metrics","status":"passed","title":"post-close steps run independently — consistency failure does not skip metrics","duration":0.2724999999999227,"failureMessages":[],"meta":{}}],"startTime":1776483999518,"endTime":1776483999529.2725,"status":"passed","message":"","name":"C:/Users/tonio/Projects/trading-forge/trading-forge/src/server/services/paper-signal-service.parity.test.ts"},{"assertionResults":[{"ancestorTitles":["toEasternDateString — ET date conversion correctness"],"fullName":"toEasternDateString — ET date conversion correctness returns EST date (UTC-5) for a winter UTC timestamp at 18:30 UTC","status":"passed","title":"returns EST date (UTC-5) for a winter UTC timestamp at 18:30 UTC","duration":1.314899999999966,"failureMessages":[],"meta":{}},{"ancestorTitles":["toEasternDateString — ET date conversion correctness"],"fullName":"toEasternDateString — ET date conversion correctness UTC midnight belongs to the PREVIOUS ET day in winter","status":"passed","title":"UTC midnight belongs to the PREVIOUS ET day in winter","duration":0.13949999999999818,"failureMessages":[],"meta":{}},{"ancestorTitles":["toEasternDateString — ET date conversion correctness"],"fullName":"toEasternDateString — ET date conversion correctness ET midnight (05:00 UTC in winter) is the correct reset point","status":"passed","title":"ET midnight (05:00 UTC in winter) is the correct reset point","duration":0.11739999999997508,"failureMessages":[],"meta":{}},{"ancestorTitles":["toEasternDateString — ET date conversion correctness"],"fullName":"toEasternDateString — ET date conversion correctness returns EDT date (UTC-4) for a summer UTC timestamp at 18:30 UTC","status":"passed","title":"returns EDT date (UTC-4) for a summer UTC timestamp at 18:30 UTC","duration":0.10989999999992506,"failureMessages":[],"meta":{}},{"ancestorTitles":["toEasternDateString — ET date conversion correctness"],"fullName":"toEasternDateString — ET date conversion correctness UTC midnight belongs to the PREVIOUS ET day in summer","status":"passed","title":"UTC midnight belongs to the PREVIOUS ET day in summer","duration":0.13440000000002783,"failureMessages":[],"meta":{}},{"ancestorTitles":["toEasternDateString — ET date conversion correctness"],"fullName":"toEasternDateString — ET date conversion correctness ET midnight (04:00 UTC in summer) is the correct reset point","status":"passed","title":"ET midnight (04:00 UTC in summer) is the correct reset point","duration":0.10389999999995325,"failureMessages":[],"meta":{}},{"ancestorTitles":["toEasternDateString — ET date conversion correctness"],"fullName":"toEasternDateString — ET date conversion correctness UTC date change does NOT advance ET date in winter (parity regression)","status":"passed","title":"UTC date change does NOT advance ET date in winter (parity regression)","duration":0.07939999999996417,"failureMessages":[],"meta":{}},{"ancestorTitles":["toEasternDateString — ET date conversion correctness"],"fullName":"toEasternDateString — ET date conversion correctness UTC date matches ET date only at/after ET midnight transition","status":"passed","title":"UTC date matches ET date only at/after ET midnight transition","duration":0.07690000000002328,"failureMessages":[],"meta":{}}],"startTime":1776484000301,"endTime":1776484000303.1345,"status":"passed","message":"","name":"C:/Users/tonio/Projects/trading-forge/trading-forge/src/server/services/paper-trading-stream.parity.test.ts"},{"assertionResults":[{"ancestorTitles":["quantum-mc-service helpers"],"fullName":"quantum-mc-service helpers maps breach-style workloads to portfolio tail risk","status":"passed","title":"maps breach-style workloads to portfolio tail risk","duration":1.1374999999999886,"failureMessages":[],"meta":{}},{"ancestorTitles":["quantum-mc-service helpers"],"fullName":"quantum-mc-service helpers keeps shadow and tolerance-only benchmarks out of critic authority","status":"passed","title":"keeps shadow and tolerance-only benchmarks out of critic authority","duration":0.21230000000002747,"failureMessages":[],"meta":{}}],"startTime":1776484000301,"endTime":1776484000302.2124,"status":"passed","message":"","name":"C:/Users/tonio/Projects/trading-forge/trading-forge/src/server/services/quantum-mc-service.test.ts"}]}